{"/home/travis/build/npmtest/node-npmtest-es6-promise/test.js":{"path":"/home/travis/build/npmtest/node-npmtest-es6-promise/test.js","s":{"1":2,"2":2,"3":2,"4":2,"5":2,"6":2,"7":2,"8":1,"9":2,"10":2,"11":1,"12":1,"13":1,"14":1,"15":2,"16":2,"17":2,"18":2,"19":1,"20":1,"21":2,"22":2,"23":2,"24":1,"25":1,"26":1,"27":1,"28":1,"29":1,"30":1,"31":1,"32":1,"33":1,"34":1,"35":1,"36":1,"37":2,"38":2,"39":1,"40":2,"41":2,"42":1,"43":2,"44":2,"45":1,"46":2,"47":2,"48":1,"49":1,"50":1,"51":1,"52":1},"b":{"1":[2,1,1,1],"2":[1,1,1,1],"3":[1,1],"4":[1,1],"5":[1,1],"6":[1,1],"7":[1,1],"8":[1,1],"9":[1,1,1],"10":[1,1],"11":[1,1],"12":[1,1],"13":[1,1],"14":[1,1],"15":[1,1],"16":[1,1]},"f":{"1":2,"2":2,"3":2,"4":2,"5":2,"6":1,"7":1,"8":2,"9":2,"10":2,"11":2,"12":1},"fnMap":{"1":{"name":"(anonymous_1)","line":12,"loc":{"start":{"line":12,"column":1},"end":{"line":12,"column":13}}},"2":{"name":"(anonymous_2)","line":19,"loc":{"start":{"line":19,"column":5},"end":{"line":19,"column":17}}},"3":{"name":"(anonymous_3)","line":23,"loc":{"start":{"line":23,"column":24},"end":{"line":23,"column":36}}},"4":{"name":"(anonymous_4)","line":61,"loc":{"start":{"line":61,"column":5},"end":{"line":61,"column":17}}},"5":{"name":"(anonymous_5)","line":82,"loc":{"start":{"line":82,"column":5},"end":{"line":82,"column":17}}},"6":{"name":"(anonymous_6)","line":102,"loc":{"start":{"line":102,"column":83},"end":{"line":105,"column":10}},"skip":true},"7":{"name":"(anonymous_7)","line":113,"loc":{"start":{"line":113,"column":77},"end":{"line":116,"column":10}},"skip":true},"8":{"name":"(anonymous_8)","line":129,"loc":{"start":{"line":129,"column":12},"end":{"line":129,"column":40}},"skip":true},"9":{"name":"(anonymous_9)","line":137,"loc":{"start":{"line":137,"column":77},"end":{"line":140,"column":10}},"skip":true},"10":{"name":"(anonymous_10)","line":148,"loc":{"start":{"line":148,"column":83},"end":{"line":151,"column":10}},"skip":true},"11":{"name":"(anonymous_11)","line":159,"loc":{"start":{"line":159,"column":79},"end":{"line":162,"column":10}},"skip":true},"12":{"name":"(anonymous_12)","line":170,"loc":{"start":{"line":170,"column":75},"end":{"line":173,"column":10}},"skip":true}},"statementMap":{"1":{"start":{"line":12,"column":0},"end":{"line":185,"column":5}},"2":{"start":{"line":14,"column":4},"end":{"line":14,"column":14}},"3":{"start":{"line":19,"column":4},"end":{"line":56,"column":9}},"4":{"start":{"line":21,"column":8},"end":{"line":21,"column":19}},"5":{"start":{"line":23,"column":8},"end":{"line":35,"column":13}},"6":{"start":{"line":24,"column":12},"end":{"line":34,"column":13}},"7":{"start":{"line":25,"column":16},"end":{"line":28,"column":30}},"8":{"start":{"line":30,"column":16},"end":{"line":33,"column":27}},"9":{"start":{"line":37,"column":8},"end":{"line":39,"column":21}},"10":{"start":{"line":40,"column":8},"end":{"line":53,"column":9}},"11":{"start":{"line":43,"column":12},"end":{"line":46,"column":14}},"12":{"start":{"line":47,"column":12},"end":{"line":47,"column":18}},"13":{"start":{"line":50,"column":12},"end":{"line":51,"column":46}},"14":{"start":{"line":52,"column":12},"end":{"line":52,"column":18}},"15":{"start":{"line":55,"column":8},"end":{"line":55,"column":35}},"16":{"start":{"line":61,"column":4},"end":{"line":63,"column":9}},"17":{"start":{"line":62,"column":8},"end":{"line":62,"column":15}},"18":{"start":{"line":64,"column":4},"end":{"line":77,"column":5}},"19":{"start":{"line":70,"column":8},"end":{"line":70,"column":14}},"20":{"start":{"line":76,"column":8},"end":{"line":76,"column":14}},"21":{"start":{"line":82,"column":4},"end":{"line":84,"column":9}},"22":{"start":{"line":83,"column":8},"end":{"line":83,"column":15}},"23":{"start":{"line":85,"column":4},"end":{"line":184,"column":5}},"24":{"start":{"line":92,"column":8},"end":{"line":94,"column":63}},"25":{"start":{"line":95,"column":8},"end":{"line":95,"column":14}},"26":{"start":{"line":102,"column":8},"end":{"line":111,"column":10},"skip":true},"27":{"start":{"line":109,"column":12},"end":{"line":109,"column":55},"skip":true},"28":{"start":{"line":110,"column":12},"end":{"line":110,"column":48},"skip":true},"29":{"start":{"line":113,"column":8},"end":{"line":126,"column":10},"skip":true},"30":{"start":{"line":120,"column":12},"end":{"line":120,"column":76},"skip":true},"31":{"start":{"line":121,"column":12},"end":{"line":121,"column":73},"skip":true},"32":{"start":{"line":122,"column":12},"end":{"line":122,"column":74},"skip":true},"33":{"start":{"line":123,"column":12},"end":{"line":123,"column":79},"skip":true},"34":{"start":{"line":124,"column":12},"end":{"line":124,"column":25},"skip":true},"35":{"start":{"line":125,"column":12},"end":{"line":125,"column":45},"skip":true},"36":{"start":{"line":128,"column":8},"end":{"line":135,"column":14},"skip":true},"37":{"start":{"line":133,"column":16},"end":{"line":133,"column":29},"skip":true},"38":{"start":{"line":134,"column":16},"end":{"line":134,"column":55},"skip":true},"39":{"start":{"line":137,"column":8},"end":{"line":146,"column":10},"skip":true},"40":{"start":{"line":144,"column":12},"end":{"line":144,"column":25},"skip":true},"41":{"start":{"line":145,"column":12},"end":{"line":145,"column":45},"skip":true},"42":{"start":{"line":148,"column":8},"end":{"line":157,"column":10},"skip":true},"43":{"start":{"line":155,"column":12},"end":{"line":155,"column":25},"skip":true},"44":{"start":{"line":156,"column":12},"end":{"line":156,"column":48},"skip":true},"45":{"start":{"line":159,"column":8},"end":{"line":168,"column":10},"skip":true},"46":{"start":{"line":166,"column":12},"end":{"line":166,"column":25},"skip":true},"47":{"start":{"line":167,"column":12},"end":{"line":167,"column":46},"skip":true},"48":{"start":{"line":170,"column":8},"end":{"line":179,"column":10},"skip":true},"49":{"start":{"line":177,"column":12},"end":{"line":177,"column":94},"skip":true},"50":{"start":{"line":178,"column":12},"end":{"line":178,"column":48},"skip":true},"51":{"start":{"line":182,"column":8},"end":{"line":182,"column":35},"skip":true},"52":{"start":{"line":183,"column":8},"end":{"line":183,"column":14},"skip":true}},"branchMap":{"1":{"line":25,"type":"binary-expr","locations":[{"start":{"line":25,"column":23},"end":{"line":25,"column":62}},{"start":{"line":26,"column":20},"end":{"line":26,"column":70}},{"start":{"line":27,"column":20},"end":{"line":27,"column":71}},{"start":{"line":28,"column":20},"end":{"line":28,"column":29}}]},"2":{"line":30,"type":"binary-expr","locations":[{"start":{"line":30,"column":23},"end":{"line":30,"column":37}},{"start":{"line":31,"column":20},"end":{"line":31,"column":61}},{"start":{"line":32,"column":20},"end":{"line":32,"column":70}},{"start":{"line":33,"column":20},"end":{"line":33,"column":26}}]},"3":{"line":37,"type":"cond-expr","locations":[{"start":{"line":38,"column":14},"end":{"line":38,"column":20}},{"start":{"line":39,"column":14},"end":{"line":39,"column":20}}]},"4":{"line":40,"type":"switch","locations":[{"start":{"line":42,"column":8},"end":{"line":47,"column":18}},{"start":{"line":49,"column":8},"end":{"line":52,"column":18}}]},"5":{"line":44,"type":"binary-expr","locations":[{"start":{"line":44,"column":16},"end":{"line":44,"column":44}},{"start":{"line":44,"column":48},"end":{"line":44,"column":66}}]},"6":{"line":50,"type":"binary-expr","locations":[{"start":{"line":50,"column":21},"end":{"line":50,"column":49}},{"start":{"line":50,"column":53},"end":{"line":50,"column":72}}]},"7":{"line":64,"type":"switch","locations":[{"start":{"line":69,"column":4},"end":{"line":70,"column":14}},{"start":{"line":75,"column":4},"end":{"line":76,"column":14}}]},"8":{"line":85,"type":"switch","locations":[{"start":{"line":90,"column":4},"end":{"line":95,"column":14}},{"start":{"line":101,"column":4},"end":{"line":183,"column":14},"skip":true}]},"9":{"line":92,"type":"binary-expr","locations":[{"start":{"line":92,"column":18},"end":{"line":92,"column":32}},{"start":{"line":93,"column":12},"end":{"line":93,"column":53}},{"start":{"line":94,"column":12},"end":{"line":94,"column":61}}]},"10":{"line":102,"type":"binary-expr","locations":[{"start":{"line":102,"column":45},"end":{"line":102,"column":79},"skip":true},{"start":{"line":102,"column":83},"end":{"line":111,"column":9},"skip":true}]},"11":{"line":113,"type":"binary-expr","locations":[{"start":{"line":113,"column":42},"end":{"line":113,"column":73},"skip":true},{"start":{"line":113,"column":77},"end":{"line":126,"column":9},"skip":true}]},"12":{"line":128,"type":"binary-expr","locations":[{"start":{"line":128,"column":48},"end":{"line":128,"column":85},"skip":true},{"start":{"line":129,"column":12},"end":{"line":135,"column":13},"skip":true}]},"13":{"line":137,"type":"binary-expr","locations":[{"start":{"line":137,"column":42},"end":{"line":137,"column":73},"skip":true},{"start":{"line":137,"column":77},"end":{"line":146,"column":9},"skip":true}]},"14":{"line":148,"type":"binary-expr","locations":[{"start":{"line":148,"column":45},"end":{"line":148,"column":79},"skip":true},{"start":{"line":148,"column":83},"end":{"line":157,"column":9},"skip":true}]},"15":{"line":159,"type":"binary-expr","locations":[{"start":{"line":159,"column":43},"end":{"line":159,"column":75},"skip":true},{"start":{"line":159,"column":79},"end":{"line":168,"column":9},"skip":true}]},"16":{"line":170,"type":"binary-expr","locations":[{"start":{"line":170,"column":41},"end":{"line":170,"column":71},"skip":true},{"start":{"line":170,"column":75},"end":{"line":179,"column":9},"skip":true}]}},"code":["/* istanbul instrument in package npmtest_es6_promise */","/*jslint","    bitwise: true,","    browser: true,","    maxerr: 8,","    maxlen: 96,","    node: true,","    nomen: true,","    regexp: true,","    stupid: true","*/","(function () {","    'use strict';","    var local;","","","","    // run shared js-env code - pre-init","    (function () {","        // init local","        local = {};","        // init modeJs","        local.modeJs = (function () {","            try {","                return typeof navigator.userAgent === 'string' &&","                    typeof document.querySelector('body') === 'object' &&","                    typeof XMLHttpRequest.prototype.open === 'function' &&","                    'browser';","            } catch (errorCaughtBrowser) {","                return module.exports &&","                    typeof process.versions.node === 'string' &&","                    typeof require('http').createServer === 'function' &&","                    'node';","            }","        }());","        // init global","        local.global = local.modeJs === 'browser'","            ? window","            : global;","        switch (local.modeJs) {","        // re-init local from window.local","        case 'browser':","            local = local.global.utility2.objectSetDefault(","                local.global.utility2_rollup || local.global.local,","                local.global.utility2","            );","            break;","        // re-init local from example.js","        case 'node':","            local = (local.global.utility2_rollup || require('utility2'))","                .requireExampleJsFromReadme();","            break;","        }","        // export local","        local.global.local = local;","    }());","","","","    // run shared js-env code - function","    (function () {","        return;","    }());","    switch (local.modeJs) {","","","","    // run browser js-env code - function","    case 'browser':","        break;","","","","    // run node js-env code - function","    case 'node':","        break;","    }","","","","    // run shared js-env code - post-init","    (function () {","        return;","    }());","    switch (local.modeJs) {","","","","    // run browser js-env code - post-init","    case 'browser':","        // run tests","        local.nop(local.modeTest &&","            document.querySelector('#testRunButton1') &&","            document.querySelector('#testRunButton1').click());","        break;","","","","    // run node js-env code - post-init","    /* istanbul ignore next */","    case 'node':","        local.testCase_buildApidoc_default = local.testCase_buildApidoc_default || function (","            options,","            onError","        ) {","        /*","         * this function will test buildApidoc's default handling-behavior-behavior","         */","            options = { modulePathList: module.paths };","            local.buildApidoc(options, onError);","        };","","        local.testCase_buildApp_default = local.testCase_buildApp_default || function (","            options,","            onError","        ) {","        /*","         * this function will test buildApp's default handling-behavior-behavior","         */","            local.testCase_buildReadme_default(options, local.onErrorThrow);","            local.testCase_buildLib_default(options, local.onErrorThrow);","            local.testCase_buildTest_default(options, local.onErrorThrow);","            local.testCase_buildCustomOrg_default(options, local.onErrorThrow);","            options = [];","            local.buildApp(options, onError);","        };","","        local.testCase_buildCustomOrg_default = local.testCase_buildCustomOrg_default ||","            function (options, onError) {","            /*","             * this function will test buildCustomOrg's default handling-behavior","             */","                options = {};","                local.buildCustomOrg(options, onError);","            };","","        local.testCase_buildLib_default = local.testCase_buildLib_default || function (","            options,","            onError","        ) {","        /*","         * this function will test buildLib's default handling-behavior","         */","            options = {};","            local.buildLib(options, onError);","        };","","        local.testCase_buildReadme_default = local.testCase_buildReadme_default || function (","            options,","            onError","        ) {","        /*","         * this function will test buildReadme's default handling-behavior-behavior","         */","            options = {};","            local.buildReadme(options, onError);","        };","","        local.testCase_buildTest_default = local.testCase_buildTest_default || function (","            options,","            onError","        ) {","        /*","         * this function will test buildTest's default handling-behavior","         */","            options = {};","            local.buildTest(options, onError);","        };","","        local.testCase_webpage_default = local.testCase_webpage_default || function (","            options,","            onError","        ) {","        /*","         * this function will test webpage's default handling-behavior","         */","            options = { modeCoverageMerge: true, url: local.serverLocalHost + '?modeTest=1' };","            local.browserTest(options, onError);","        };","","        // run test-server","        local.testRunServer(local);","        break;","    }","}());",""],"l":{"12":2,"14":2,"19":2,"21":2,"23":2,"24":2,"25":2,"30":1,"37":2,"40":2,"43":1,"47":1,"50":1,"52":1,"55":2,"61":2,"62":2,"64":2,"70":1,"76":1,"82":2,"83":2,"85":2,"92":1,"95":1,"102":1,"109":1,"110":1,"113":1,"120":1,"121":1,"122":1,"123":1,"124":1,"125":1,"128":1,"133":2,"134":2,"137":1,"144":2,"145":2,"148":1,"155":2,"156":2,"159":1,"166":2,"167":2,"170":1,"177":1,"178":1,"182":1,"183":1}},"/home/travis/build/npmtest/node-npmtest-es6-promise/lib.npmtest_es6_promise.js":{"path":"/home/travis/build/npmtest/node-npmtest-es6-promise/lib.npmtest_es6_promise.js","s":{"1":2,"2":2,"3":2,"4":2,"5":2,"6":2,"7":2,"8":1,"9":2,"10":2,"11":2,"12":2,"13":1,"14":1,"15":1,"16":1},"b":{"1":[2,1,1,1],"2":[1,1,1,1],"3":[1,1],"4":[2,2],"5":[1,1]},"f":{"1":2,"2":2,"3":2},"fnMap":{"1":{"name":"(anonymous_1)","line":12,"loc":{"start":{"line":12,"column":1},"end":{"line":12,"column":13}}},"2":{"name":"(anonymous_2)","line":19,"loc":{"start":{"line":19,"column":5},"end":{"line":19,"column":17}}},"3":{"name":"(anonymous_3)","line":23,"loc":{"start":{"line":23,"column":24},"end":{"line":23,"column":36}}}},"statementMap":{"1":{"start":{"line":12,"column":0},"end":{"line":53,"column":5}},"2":{"start":{"line":14,"column":4},"end":{"line":14,"column":14}},"3":{"start":{"line":19,"column":4},"end":{"line":52,"column":9}},"4":{"start":{"line":21,"column":8},"end":{"line":21,"column":19}},"5":{"start":{"line":23,"column":8},"end":{"line":35,"column":13}},"6":{"start":{"line":24,"column":12},"end":{"line":34,"column":13}},"7":{"start":{"line":25,"column":16},"end":{"line":28,"column":30}},"8":{"start":{"line":30,"column":16},"end":{"line":33,"column":27}},"9":{"start":{"line":37,"column":8},"end":{"line":39,"column":21}},"10":{"start":{"line":41,"column":8},"end":{"line":41,"column":54}},"11":{"start":{"line":43,"column":8},"end":{"line":43,"column":56}},"12":{"start":{"line":45,"column":8},"end":{"line":51,"column":9}},"13":{"start":{"line":46,"column":12},"end":{"line":46,"column":62}},"14":{"start":{"line":48,"column":12},"end":{"line":48,"column":35}},"15":{"start":{"line":49,"column":12},"end":{"line":49,"column":49}},"16":{"start":{"line":50,"column":12},"end":{"line":50,"column":43}}},"branchMap":{"1":{"line":25,"type":"binary-expr","locations":[{"start":{"line":25,"column":23},"end":{"line":25,"column":62}},{"start":{"line":26,"column":20},"end":{"line":26,"column":70}},{"start":{"line":27,"column":20},"end":{"line":27,"column":71}},{"start":{"line":28,"column":20},"end":{"line":28,"column":29}}]},"2":{"line":30,"type":"binary-expr","locations":[{"start":{"line":30,"column":23},"end":{"line":30,"column":37}},{"start":{"line":31,"column":20},"end":{"line":31,"column":61}},{"start":{"line":32,"column":20},"end":{"line":32,"column":70}},{"start":{"line":33,"column":20},"end":{"line":33,"column":26}}]},"3":{"line":37,"type":"cond-expr","locations":[{"start":{"line":38,"column":14},"end":{"line":38,"column":20}},{"start":{"line":39,"column":14},"end":{"line":39,"column":20}}]},"4":{"line":41,"type":"binary-expr","locations":[{"start":{"line":41,"column":16},"end":{"line":41,"column":44}},{"start":{"line":41,"column":48},"end":{"line":41,"column":53}}]},"5":{"line":45,"type":"if","locations":[{"start":{"line":45,"column":8},"end":{"line":45,"column":8}},{"start":{"line":45,"column":8},"end":{"line":45,"column":8}}]}},"code":["/* istanbul instrument in package npmtest_es6_promise */","/*jslint","    bitwise: true,","    browser: true,","    maxerr: 8,","    maxlen: 96,","    node: true,","    nomen: true,","    regexp: true,","    stupid: true","*/","(function () {","    'use strict';","    var local;","","","","    // run shared js-env code - pre-init","    (function () {","        // init local","        local = {};","        // init modeJs","        local.modeJs = (function () {","            try {","                return typeof navigator.userAgent === 'string' &&","                    typeof document.querySelector('body') === 'object' &&","                    typeof XMLHttpRequest.prototype.open === 'function' &&","                    'browser';","            } catch (errorCaughtBrowser) {","                return module.exports &&","                    typeof process.versions.node === 'string' &&","                    typeof require('http').createServer === 'function' &&","                    'node';","            }","        }());","        // init global","        local.global = local.modeJs === 'browser'","            ? window","            : global;","        // init utility2_rollup","        local = local.global.utility2_rollup || local;","        // init lib","        local.local = local.npmtest_es6_promise = local;","        // init exports","        if (local.modeJs === 'browser') {","            local.global.utility2_npmtest_es6_promise = local;","        } else {","            module.exports = local;","            module.exports.__dirname = __dirname;","            module.exports.module = module;","        }","    }());","}());",""],"l":{"12":2,"14":2,"19":2,"21":2,"23":2,"24":2,"25":2,"30":1,"37":2,"41":2,"43":2,"45":2,"46":1,"48":1,"49":1,"50":1}},"/home/travis/build/npmtest/node-npmtest-es6-promise/example.js":{"path":"/home/travis/build/npmtest/node-npmtest-es6-promise/example.js","s":{"1":2,"2":2,"3":2,"4":2,"5":2,"6":2,"7":2,"8":1,"9":2,"10":2,"11":2,"12":2,"13":1,"14":2,"15":2,"16":2,"17":2,"18":2,"19":0,"20":2,"21":1,"22":1,"23":1,"24":1,"25":1,"26":0,"27":0,"28":1,"29":1,"30":2,"31":0,"32":0,"33":0,"34":1,"35":2,"36":2,"37":2,"38":2,"39":2,"40":2,"41":0,"42":2,"43":2,"44":2,"45":1,"46":3,"47":1,"48":1,"49":1,"50":1,"51":1,"52":1,"53":1,"54":1,"55":1,"56":1,"57":0,"58":1,"59":6,"60":6,"61":1,"62":2,"63":0,"64":2,"65":1,"66":1,"67":0,"68":0,"69":0,"70":0,"71":0,"72":0,"73":0,"74":0,"75":0,"76":0,"77":0,"78":0,"79":0,"80":0,"81":0,"82":0,"83":0},"b":{"1":[2,1,1,1],"2":[1,1,1,1],"3":[1,1],"4":[2,2],"5":[1,1],"6":[1,1],"7":[2,0],"8":[2,1,1,1,1,1],"9":[0,2,0],"10":[1,1],"11":[2,1,1],"12":[1,0],"13":[0,2],"14":[2,0,0,0,0,0,0],"15":[0,2],"16":[2,0],"17":[1,1],"18":[0,1],"19":[1,2,0,2],"20":[1,0],"21":[1,1],"22":[0,0],"23":[0,0],"24":[0,0],"25":[0,0],"26":[0,0],"27":[0,0],"28":[0,0]},"f":{"1":2,"2":2,"3":2,"4":2,"5":2,"6":2,"7":2,"8":2,"9":3,"10":1,"11":6,"12":0},"fnMap":{"1":{"name":"(anonymous_1)","line":26,"loc":{"start":{"line":26,"column":1},"end":{"line":26,"column":13}}},"2":{"name":"(anonymous_2)","line":33,"loc":{"start":{"line":33,"column":5},"end":{"line":33,"column":17}}},"3":{"name":"(anonymous_3)","line":37,"loc":{"start":{"line":37,"column":24},"end":{"line":37,"column":36}}},"4":{"name":"(anonymous_4)","line":69,"loc":{"start":{"line":69,"column":31},"end":{"line":69,"column":48}},"skip":true},"5":{"name":"(anonymous_5)","line":78,"loc":{"start":{"line":78,"column":26},"end":{"line":78,"column":45}},"skip":true},"6":{"name":"(anonymous_6)","line":123,"loc":{"start":{"line":123,"column":33},"end":{"line":123,"column":48}},"skip":true},"7":{"name":"(anonymous_7)","line":125,"loc":{"start":{"line":125,"column":27},"end":{"line":125,"column":39}},"skip":true},"8":{"name":"(anonymous_8)","line":133,"loc":{"start":{"line":133,"column":59},"end":{"line":133,"column":74}},"skip":true},"9":{"name":"(anonymous_9)","line":143,"loc":{"start":{"line":143,"column":45},"end":{"line":143,"column":62}},"skip":true},"10":{"name":"(anonymous_10)","line":144,"loc":{"start":{"line":144,"column":73},"end":{"line":144,"column":92}},"skip":true},"11":{"name":"(anonymous_11)","line":272,"loc":{"start":{"line":272,"column":51},"end":{"line":272,"column":77}},"skip":true},"12":{"name":"(anonymous_12)","line":314,"loc":{"start":{"line":314,"column":32},"end":{"line":314,"column":61}},"skip":true}},"statementMap":{"1":{"start":{"line":26,"column":0},"end":{"line":325,"column":5}},"2":{"start":{"line":28,"column":4},"end":{"line":28,"column":14}},"3":{"start":{"line":33,"column":4},"end":{"line":60,"column":9}},"4":{"start":{"line":35,"column":8},"end":{"line":35,"column":19}},"5":{"start":{"line":37,"column":8},"end":{"line":49,"column":13}},"6":{"start":{"line":38,"column":12},"end":{"line":48,"column":13}},"7":{"start":{"line":39,"column":16},"end":{"line":42,"column":30}},"8":{"start":{"line":44,"column":16},"end":{"line":47,"column":27}},"9":{"start":{"line":51,"column":8},"end":{"line":53,"column":21}},"10":{"start":{"line":55,"column":8},"end":{"line":57,"column":45}},"11":{"start":{"line":59,"column":8},"end":{"line":59,"column":35}},"12":{"start":{"line":61,"column":4},"end":{"line":324,"column":5}},"13":{"start":{"line":69,"column":8},"end":{"line":121,"column":10},"skip":true},"14":{"start":{"line":70,"column":12},"end":{"line":88,"column":13},"skip":true},"15":{"start":{"line":76,"column":16},"end":{"line":87,"column":19},"skip":true},"16":{"start":{"line":79,"column":20},"end":{"line":86,"column":21},"skip":true},"17":{"start":{"line":82,"column":24},"end":{"line":82,"column":43},"skip":true},"18":{"start":{"line":83,"column":24},"end":{"line":83,"column":30},"skip":true},"19":{"start":{"line":85,"column":24},"end":{"line":85,"column":49},"skip":true},"20":{"start":{"line":89,"column":12},"end":{"line":107,"column":13},"skip":true},"21":{"start":{"line":92,"column":16},"end":{"line":102,"column":17},"skip":true},"22":{"start":{"line":93,"column":20},"end":{"line":93,"column":86},"skip":true},"23":{"start":{"line":94,"column":20},"end":{"line":95,"column":45},"skip":true},"24":{"start":{"line":96,"column":20},"end":{"line":96,"column":42},"skip":true},"25":{"start":{"line":97,"column":20},"end":{"line":97,"column":48},"skip":true},"26":{"start":{"line":100,"column":20},"end":{"line":100,"column":85},"skip":true},"27":{"start":{"line":101,"column":20},"end":{"line":101,"column":96},"skip":true},"28":{"start":{"line":103,"column":16},"end":{"line":103,"column":22},"skip":true},"29":{"start":{"line":106,"column":16},"end":{"line":106,"column":22},"skip":true},"30":{"start":{"line":108,"column":12},"end":{"line":120,"column":13},"skip":true},"31":{"start":{"line":114,"column":16},"end":{"line":119,"column":17},"skip":true},"32":{"start":{"line":116,"column":20},"end":{"line":116,"column":78},"skip":true},"33":{"start":{"line":118,"column":20},"end":{"line":118,"column":47},"skip":true},"34":{"start":{"line":123,"column":8},"end":{"line":141,"column":11},"skip":true},"35":{"start":{"line":124,"column":12},"end":{"line":124,"column":54},"skip":true},"36":{"start":{"line":125,"column":12},"end":{"line":140,"column":14},"skip":true},"37":{"start":{"line":126,"column":16},"end":{"line":126,"column":28},"skip":true},"38":{"start":{"line":127,"column":16},"end":{"line":127,"column":69},"skip":true},"39":{"start":{"line":128,"column":16},"end":{"line":128,"column":75},"skip":true},"40":{"start":{"line":129,"column":16},"end":{"line":131,"column":17},"skip":true},"41":{"start":{"line":130,"column":20},"end":{"line":130,"column":27},"skip":true},"42":{"start":{"line":133,"column":16},"end":{"line":137,"column":36},"skip":true},"43":{"start":{"line":134,"column":20},"end":{"line":136,"column":55},"skip":true},"44":{"start":{"line":139,"column":16},"end":{"line":139,"column":57},"skip":true},"45":{"start":{"line":143,"column":8},"end":{"line":147,"column":11},"skip":true},"46":{"start":{"line":144,"column":12},"end":{"line":146,"column":15},"skip":true},"47":{"start":{"line":145,"column":16},"end":{"line":145,"column":70},"skip":true},"48":{"start":{"line":149,"column":8},"end":{"line":149,"column":31},"skip":true},"49":{"start":{"line":150,"column":8},"end":{"line":150,"column":14},"skip":true},"50":{"start":{"line":158,"column":8},"end":{"line":158,"column":31},"skip":true},"51":{"start":{"line":160,"column":8},"end":{"line":160,"column":33},"skip":true},"52":{"start":{"line":161,"column":8},"end":{"line":161,"column":37},"skip":true},"53":{"start":{"line":162,"column":8},"end":{"line":162,"column":35},"skip":true},"54":{"start":{"line":164,"column":8},"end":{"line":164,"column":50},"skip":true},"55":{"start":{"line":166,"column":8},"end":{"line":256,"column":2},"skip":true},"56":{"start":{"line":258,"column":8},"end":{"line":286,"column":9},"skip":true},"57":{"start":{"line":259,"column":12},"end":{"line":269,"column":14},"skip":true},"58":{"start":{"line":271,"column":12},"end":{"line":285,"column":19},"skip":true},"59":{"start":{"line":274,"column":20},"end":{"line":274,"column":35},"skip":true},"60":{"start":{"line":275,"column":20},"end":{"line":284,"column":21},"skip":true},"61":{"start":{"line":277,"column":24},"end":{"line":277,"column":64},"skip":true},"62":{"start":{"line":279,"column":24},"end":{"line":279,"column":40},"skip":true},"63":{"start":{"line":281,"column":24},"end":{"line":281,"column":40},"skip":true},"64":{"start":{"line":283,"column":24},"end":{"line":283,"column":39},"skip":true},"65":{"start":{"line":288,"column":8},"end":{"line":290,"column":9},"skip":true},"66":{"start":{"line":289,"column":12},"end":{"line":289,"column":18},"skip":true},"67":{"start":{"line":291,"column":8},"end":{"line":293,"column":54},"skip":true},"68":{"start":{"line":294,"column":8},"end":{"line":301,"column":37},"skip":true},"69":{"start":{"line":302,"column":8},"end":{"line":302,"column":82},"skip":true},"70":{"start":{"line":305,"column":8},"end":{"line":307,"column":9},"skip":true},"71":{"start":{"line":306,"column":12},"end":{"line":306,"column":82},"skip":true},"72":{"start":{"line":309,"column":8},"end":{"line":311,"column":9},"skip":true},"73":{"start":{"line":310,"column":12},"end":{"line":310,"column":18},"skip":true},"74":{"start":{"line":312,"column":8},"end":{"line":312,"column":54},"skip":true},"75":{"start":{"line":313,"column":8},"end":{"line":313,"column":69},"skip":true},"76":{"start":{"line":314,"column":8},"end":{"line":322,"column":36},"skip":true},"77":{"start":{"line":315,"column":12},"end":{"line":315,"column":61},"skip":true},"78":{"start":{"line":316,"column":12},"end":{"line":319,"column":13},"skip":true},"79":{"start":{"line":317,"column":16},"end":{"line":317,"column":75},"skip":true},"80":{"start":{"line":318,"column":16},"end":{"line":318,"column":23},"skip":true},"81":{"start":{"line":320,"column":12},"end":{"line":320,"column":38},"skip":true},"82":{"start":{"line":321,"column":12},"end":{"line":321,"column":27},"skip":true},"83":{"start":{"line":323,"column":8},"end":{"line":323,"column":14},"skip":true}},"branchMap":{"1":{"line":39,"type":"binary-expr","locations":[{"start":{"line":39,"column":23},"end":{"line":39,"column":62}},{"start":{"line":40,"column":20},"end":{"line":40,"column":70}},{"start":{"line":41,"column":20},"end":{"line":41,"column":71}},{"start":{"line":42,"column":20},"end":{"line":42,"column":29}}]},"2":{"line":44,"type":"binary-expr","locations":[{"start":{"line":44,"column":23},"end":{"line":44,"column":37}},{"start":{"line":45,"column":20},"end":{"line":45,"column":61}},{"start":{"line":46,"column":20},"end":{"line":46,"column":70}},{"start":{"line":47,"column":20},"end":{"line":47,"column":26}}]},"3":{"line":51,"type":"cond-expr","locations":[{"start":{"line":52,"column":14},"end":{"line":52,"column":20}},{"start":{"line":53,"column":14},"end":{"line":53,"column":20}}]},"4":{"line":55,"type":"binary-expr","locations":[{"start":{"line":55,"column":16},"end":{"line":55,"column":44}},{"start":{"line":55,"column":49},"end":{"line":57,"column":43}}]},"5":{"line":55,"type":"cond-expr","locations":[{"start":{"line":56,"column":14},"end":{"line":56,"column":55}},{"start":{"line":57,"column":14},"end":{"line":57,"column":43}}]},"6":{"line":61,"type":"switch","locations":[{"start":{"line":68,"column":4},"end":{"line":150,"column":14},"skip":true},{"start":{"line":156,"column":4},"end":{"line":323,"column":14},"skip":true}]},"7":{"line":70,"type":"if","locations":[{"start":{"line":70,"column":12},"end":{"line":70,"column":12},"skip":true},{"start":{"line":70,"column":12},"end":{"line":70,"column":12},"skip":true}]},"8":{"line":70,"type":"binary-expr","locations":[{"start":{"line":70,"column":16},"end":{"line":70,"column":22},"skip":true},{"start":{"line":70,"column":27},"end":{"line":70,"column":32},"skip":true},{"start":{"line":71,"column":20},"end":{"line":71,"column":39},"skip":true},{"start":{"line":72,"column":20},"end":{"line":72,"column":49},"skip":true},{"start":{"line":73,"column":20},"end":{"line":73,"column":58},"skip":true},{"start":{"line":74,"column":20},"end":{"line":74,"column":69},"skip":true}]},"9":{"line":79,"type":"switch","locations":[{"start":{"line":80,"column":20},"end":{"line":80,"column":33},"skip":true},{"start":{"line":81,"column":20},"end":{"line":83,"column":30},"skip":true},{"start":{"line":84,"column":20},"end":{"line":85,"column":49},"skip":true}]},"10":{"line":89,"type":"switch","locations":[{"start":{"line":90,"column":12},"end":{"line":103,"column":22},"skip":true},{"start":{"line":105,"column":12},"end":{"line":106,"column":22},"skip":true}]},"11":{"line":89,"type":"binary-expr","locations":[{"start":{"line":89,"column":20},"end":{"line":89,"column":25},"skip":true},{"start":{"line":89,"column":29},"end":{"line":89,"column":48},"skip":true},{"start":{"line":89,"column":52},"end":{"line":89,"column":74},"skip":true}]},"12":{"line":92,"type":"if","locations":[{"start":{"line":92,"column":16},"end":{"line":92,"column":16},"skip":true},{"start":{"line":92,"column":16},"end":{"line":92,"column":16},"skip":true}]},"13":{"line":108,"type":"if","locations":[{"start":{"line":108,"column":12},"end":{"line":108,"column":12},"skip":true},{"start":{"line":108,"column":12},"end":{"line":108,"column":12},"skip":true}]},"14":{"line":108,"type":"binary-expr","locations":[{"start":{"line":108,"column":16},"end":{"line":108,"column":61},"skip":true},{"start":{"line":108,"column":66},"end":{"line":108,"column":72},"skip":true},{"start":{"line":108,"column":77},"end":{"line":108,"column":82},"skip":true},{"start":{"line":109,"column":20},"end":{"line":109,"column":39},"skip":true},{"start":{"line":110,"column":20},"end":{"line":110,"column":49},"skip":true},{"start":{"line":111,"column":20},"end":{"line":111,"column":58},"skip":true},{"start":{"line":112,"column":20},"end":{"line":112,"column":68},"skip":true}]},"15":{"line":129,"type":"if","locations":[{"start":{"line":129,"column":16},"end":{"line":129,"column":16},"skip":true},{"start":{"line":129,"column":16},"end":{"line":129,"column":16},"skip":true}]},"16":{"line":134,"type":"cond-expr","locations":[{"start":{"line":135,"column":26},"end":{"line":135,"column":29},"skip":true},{"start":{"line":136,"column":26},"end":{"line":136,"column":54},"skip":true}]},"17":{"line":164,"type":"binary-expr","locations":[{"start":{"line":164,"column":27},"end":{"line":164,"column":43},"skip":true},{"start":{"line":164,"column":47},"end":{"line":164,"column":49},"skip":true}]},"18":{"line":258,"type":"if","locations":[{"start":{"line":258,"column":8},"end":{"line":258,"column":8},"skip":true},{"start":{"line":258,"column":8},"end":{"line":258,"column":8},"skip":true}]},"19":{"line":275,"type":"switch","locations":[{"start":{"line":276,"column":20},"end":{"line":277,"column":64},"skip":true},{"start":{"line":278,"column":20},"end":{"line":279,"column":40},"skip":true},{"start":{"line":280,"column":20},"end":{"line":281,"column":40},"skip":true},{"start":{"line":282,"column":20},"end":{"line":283,"column":39},"skip":true}]},"20":{"line":288,"type":"if","locations":[{"start":{"line":288,"column":8},"end":{"line":288,"column":8},"skip":true},{"start":{"line":288,"column":8},"end":{"line":288,"column":8},"skip":true}]},"21":{"line":288,"type":"binary-expr","locations":[{"start":{"line":288,"column":12},"end":{"line":288,"column":40},"skip":true},{"start":{"line":288,"column":44},"end":{"line":288,"column":67},"skip":true}]},"22":{"line":292,"type":"binary-expr","locations":[{"start":{"line":292,"column":12},"end":{"line":292,"column":50},"skip":true},{"start":{"line":293,"column":12},"end":{"line":293,"column":53},"skip":true}]},"23":{"line":295,"type":"binary-expr","locations":[{"start":{"line":295,"column":12},"end":{"line":295,"column":69},"skip":true},{"start":{"line":296,"column":12},"end":{"line":301,"column":36},"skip":true}]},"24":{"line":302,"type":"binary-expr","locations":[{"start":{"line":302,"column":43},"end":{"line":302,"column":75},"skip":true},{"start":{"line":302,"column":79},"end":{"line":302,"column":81},"skip":true}]},"25":{"line":305,"type":"if","locations":[{"start":{"line":305,"column":8},"end":{"line":305,"column":8},"skip":true},{"start":{"line":305,"column":8},"end":{"line":305,"column":8},"skip":true}]},"26":{"line":309,"type":"if","locations":[{"start":{"line":309,"column":8},"end":{"line":309,"column":8},"skip":true},{"start":{"line":309,"column":8},"end":{"line":309,"column":8},"skip":true}]},"27":{"line":312,"type":"binary-expr","locations":[{"start":{"line":312,"column":27},"end":{"line":312,"column":43},"skip":true},{"start":{"line":312,"column":47},"end":{"line":312,"column":53},"skip":true}]},"28":{"line":316,"type":"if","locations":[{"start":{"line":316,"column":12},"end":{"line":316,"column":12},"skip":true},{"start":{"line":316,"column":12},"end":{"line":316,"column":12},"skip":true}]}},"code":["/*","example.js","","quickstart example","","instruction","    1. save this script as example.js","    2. run the shell command:","        $ npm install npmtest-es6-promise && PORT=8081 node example.js","    3. play with the browser-demo on http://127.0.0.1:8081","*/","","","","/* istanbul instrument in package npmtest_es6_promise */","/*jslint","    bitwise: true,","    browser: true,","    maxerr: 8,","    maxlen: 96,","    node: true,","    nomen: true,","    regexp: true,","    stupid: true","*/","(function () {","    'use strict';","    var local;","","","","    // run shared js-env code - pre-init","    (function () {","        // init local","        local = {};","        // init modeJs","        local.modeJs = (function () {","            try {","                return typeof navigator.userAgent === 'string' &&","                    typeof document.querySelector('body') === 'object' &&","                    typeof XMLHttpRequest.prototype.open === 'function' &&","                    'browser';","            } catch (errorCaughtBrowser) {","                return module.exports &&","                    typeof process.versions.node === 'string' &&","                    typeof require('http').createServer === 'function' &&","                    'node';","            }","        }());","        // init global","        local.global = local.modeJs === 'browser'","            ? window","            : global;","        // init utility2_rollup","        local = local.global.utility2_rollup || (local.modeJs === 'browser'","            ? local.global.utility2_npmtest_es6_promise","            : global.utility2_moduleExports);","        // export local","        local.global.local = local;","    }());","    switch (local.modeJs) {","","","","    // post-init","    // run browser js-env code - post-init","    /* istanbul ignore next */","    case 'browser':","        local.testRunBrowser = function (event) {","            if (!event || (event &&","                    event.currentTarget &&","                    event.currentTarget.className &&","                    event.currentTarget.className.includes &&","                    event.currentTarget.className.includes('onreset'))) {","                // reset output","                Array.from(","                    document.querySelectorAll('body > .resettable')","                ).forEach(function (element) {","                    switch (element.tagName) {","                    case 'INPUT':","                    case 'TEXTAREA':","                        element.value = '';","                        break;","                    default:","                        element.textContent = '';","                    }","                });","            }","            switch (event && event.currentTarget && event.currentTarget.id) {","            case 'testRunButton1':","                // show tests","                if (document.querySelector('#testReportDiv1').style.display === 'none') {","                    document.querySelector('#testReportDiv1').style.display = 'block';","                    document.querySelector('#testRunButton1').textContent =","                        'hide internal test';","                    local.modeTest = true;","                    local.testRunDefault(local);","                // hide tests","                } else {","                    document.querySelector('#testReportDiv1').style.display = 'none';","                    document.querySelector('#testRunButton1').textContent = 'run internal test';","                }","                break;","            // custom-case","            default:","                break;","            }","            if (document.querySelector('#inputTextareaEval1') && (!event || (event &&","                    event.currentTarget &&","                    event.currentTarget.className &&","                    event.currentTarget.className.includes &&","                    event.currentTarget.className.includes('oneval')))) {","                // try to eval input-code","                try {","                    /*jslint evil: true*/","                    eval(document.querySelector('#inputTextareaEval1').value);","                } catch (errorCaught) {","                    console.error(errorCaught);","                }","            }","        };","        // log stderr and stdout to #outputTextareaStdout1","        ['error', 'log'].forEach(function (key) {","            console[key + '_original'] = console[key];","            console[key] = function () {","                var element;","                console[key + '_original'].apply(console, arguments);","                element = document.querySelector('#outputTextareaStdout1');","                if (!element) {","                    return;","                }","                // append text to #outputTextareaStdout1","                element.value += Array.from(arguments).map(function (arg) {","                    return typeof arg === 'string'","                        ? arg","                        : JSON.stringify(arg, null, 4);","                }).join(' ') + '\\n';","                // scroll textarea to bottom","                element.scrollTop = element.scrollHeight;","            };","        });","        // init event-handling","        ['change', 'click', 'keyup'].forEach(function (event) {","            Array.from(document.querySelectorAll('.on' + event)).forEach(function (element) {","                element.addEventListener(event, local.testRunBrowser);","            });","        });","        // run tests","        local.testRunBrowser();","        break;","","","","    // run node js-env code - post-init","    /* istanbul ignore next */","    case 'node':","        // export local","        module.exports = local;","        // require modules","        local.fs = require('fs');","        local.http = require('http');","        local.url = require('url');","        // init assets","        local.assetsDict = local.assetsDict || {};","        /* jslint-ignore-begin */","        local.assetsDict['/assets.index.template.html'] = '\\","<!doctype html>\\n\\","<html lang=\"en\">\\n\\","<head>\\n\\","<meta charset=\"UTF-8\">\\n\\","<meta name=\"viewport\" content=\"width=device-width, initial-scale=1\">\\n\\","<title>{{env.npm_package_name}} (v{{env.npm_package_version}})</title>\\n\\","<style>\\n\\","/*csslint\\n\\","    box-sizing: false,\\n\\","    universal-selector: false\\n\\","*/\\n\\","* {\\n\\","    box-sizing: border-box;\\n\\","}\\n\\","body {\\n\\","    background: #dde;\\n\\","    font-family: Arial, Helvetica, sans-serif;\\n\\","    margin: 2rem;\\n\\","}\\n\\","body > * {\\n\\","    margin-bottom: 1rem;\\n\\","}\\n\\",".utility2FooterDiv {\\n\\","    margin-top: 20px;\\n\\","    text-align: center;\\n\\","}\\n\\","</style>\\n\\","<style>\\n\\","/*csslint\\n\\","*/\\n\\","textarea {\\n\\","    font-family: monospace;\\n\\","    height: 10rem;\\n\\","    width: 100%;\\n\\","}\\n\\","textarea[readonly] {\\n\\","    background: #ddd;\\n\\","}\\n\\","</style>\\n\\","</head>\\n\\","<body>\\n\\","<!-- utility2-comment\\n\\","<div id=\"ajaxProgressDiv1\" style=\"background: #d00; height: 2px; left: 0; margin: 0; padding: 0; position: fixed; top: 0; transition: background 0.5s, width 1.5s; width: 25%;\"></div>\\n\\","utility2-comment -->\\n\\","<h1>\\n\\","<!-- utility2-comment\\n\\","    <a\\n\\","        {{#if env.npm_package_homepage}}\\n\\","        href=\"{{env.npm_package_homepage}}\"\\n\\","        {{/if env.npm_package_homepage}}\\n\\","        target=\"_blank\"\\n\\","    >\\n\\","utility2-comment -->\\n\\","        {{env.npm_package_name}} (v{{env.npm_package_version}})\\n\\","<!-- utility2-comment\\n\\","    </a>\\n\\","utility2-comment -->\\n\\","</h1>\\n\\","<h3>{{env.npm_package_description}}</h3>\\n\\","<!-- utility2-comment\\n\\","<h4><a download href=\"assets.app.js\">download standalone app</a></h4>\\n\\","<button class=\"onclick onreset\" id=\"testRunButton1\">run internal test</button><br>\\n\\","<div id=\"testReportDiv1\" style=\"display: none;\"></div>\\n\\","utility2-comment -->\\n\\","\\n\\","\\n\\","\\n\\","<label>stderr and stdout</label>\\n\\","<textarea class=\"resettable\" id=\"outputTextareaStdout1\" readonly></textarea>\\n\\","<!-- utility2-comment\\n\\","{{#if isRollup}}\\n\\","<script src=\"assets.app.js\"></script>\\n\\","{{#unless isRollup}}\\n\\","utility2-comment -->\\n\\","<script src=\"assets.utility2.rollup.js\"></script>\\n\\","<script src=\"jsonp.utility2._stateInit?callback=window.utility2._stateInit\"></script>\\n\\","<script src=\"assets.npmtest_es6_promise.rollup.js\"></script>\\n\\","<script src=\"assets.example.js\"></script>\\n\\","<script src=\"assets.test.js\"></script>\\n\\","<!-- utility2-comment\\n\\","{{/if isRollup}}\\n\\","utility2-comment -->\\n\\","<div class=\"utility2FooterDiv\">\\n\\","    [ this app was created with\\n\\","    <a href=\"https://github.com/kaizhu256/node-utility2\" target=\"_blank\">utility2</a>\\n\\","    ]\\n\\","</div>\\n\\","</body>\\n\\","</html>\\n\\","';","        /* jslint-ignore-end */","        if (local.templateRender) {","            local.assetsDict['/'] = local.templateRender(","                local.assetsDict['/assets.index.template.html'],","                {","                    env: local.objectSetDefault(local.env, {","                        npm_package_description: 'the greatest app in the world!',","                        npm_package_name: 'my-app',","                        npm_package_nameAlias: 'my_app',","                        npm_package_version: '0.0.1'","                    })","                }","            );","        } else {","            local.assetsDict['/'] = local.assetsDict['/assets.index.template.html']","                .replace((/\\{\\{env\\.(\\w+?)\\}\\}/g), function (match0, match1) {","                    // jslint-hack","                    String(match0);","                    switch (match1) {","                    case 'npm_package_description':","                        return 'the greatest app in the world!';","                    case 'npm_package_name':","                        return 'my-app';","                    case 'npm_package_nameAlias':","                        return 'my_app';","                    case 'npm_package_version':","                        return '0.0.1';","                    }","                });","        }","        // run the cli","        if (local.global.utility2_rollup || module !== require.main) {","            break;","        }","        local.assetsDict['/assets.example.js'] =","            local.assetsDict['/assets.example.js'] ||","            local.fs.readFileSync(__filename, 'utf8');","        local.assetsDict['/assets.npmtest_es6_promise.rollup.js'] =","            local.assetsDict['/assets.npmtest_es6_promise.rollup.js'] ||","            local.fs.readFileSync(","                // buildCustomOrg-hack","                local.npmtest_es6_promise.__dirname +","                    '/lib.npmtest_es6_promise.js',","                'utf8'","            ).replace((/^#!/), '//');","        local.assetsDict['/favicon.ico'] = local.assetsDict['/favicon.ico'] || '';","        // if $npm_config_timeout_exit exists,","        // then exit this process after $npm_config_timeout_exit ms","        if (Number(process.env.npm_config_timeout_exit)) {","            setTimeout(process.exit, Number(process.env.npm_config_timeout_exit));","        }","        // start server","        if (local.global.utility2_serverHttp1) {","            break;","        }","        process.env.PORT = process.env.PORT || '8081';","        console.error('server starting on port ' + process.env.PORT);","        local.http.createServer(function (request, response) {","            request.urlParsed = local.url.parse(request.url);","            if (local.assetsDict[request.urlParsed.pathname] !== undefined) {","                response.end(local.assetsDict[request.urlParsed.pathname]);","                return;","            }","            response.statusCode = 404;","            response.end();","        }).listen(process.env.PORT);","        break;","    }","}());",""],"l":{"26":2,"28":2,"33":2,"35":2,"37":2,"38":2,"39":2,"44":1,"51":2,"55":2,"59":2,"61":2,"69":1,"70":2,"76":2,"79":2,"82":2,"83":2,"85":1,"89":2,"92":1,"93":1,"94":1,"96":1,"97":1,"100":1,"101":1,"103":1,"106":1,"108":2,"114":1,"116":1,"118":1,"123":1,"124":2,"125":2,"126":2,"127":2,"128":2,"129":2,"130":1,"133":2,"134":2,"139":2,"143":1,"144":3,"145":1,"149":1,"150":1,"158":1,"160":1,"161":1,"162":1,"164":1,"166":1,"258":1,"259":1,"271":1,"274":6,"275":6,"277":1,"279":2,"281":1,"283":2,"288":1,"289":1,"291":1,"294":1,"302":1,"305":1,"306":1,"309":1,"310":1,"312":1,"313":1,"314":1,"315":1,"316":1,"317":1,"318":1,"320":1,"321":1,"323":1}},"/home/travis/build/npmtest/node-npmtest-es6-promise/node_modules/es6-promise/dist/es6-promise.js":{"path":"/home/travis/build/npmtest/node-npmtest-es6-promise/node_modules/es6-promise/dist/es6-promise.js","s":{"1":1,"2":1,"3":1,"4":0,"5":1,"6":0,"7":1,"8":1,"9":0,"10":0,"11":1,"12":1,"13":1,"14":1,"15":1,"16":1,"17":0,"18":0,"19":0,"20":0,"21":0,"22":0,"23":0,"24":1,"25":0,"26":1,"27":0,"28":1,"29":1,"30":1,"31":1,"32":1,"33":1,"34":1,"35":0,"36":1,"37":0,"38":0,"39":0,"40":0,"41":1,"42":0,"43":0,"44":0,"45":0,"46":0,"47":0,"48":1,"49":0,"50":0,"51":0,"52":0,"53":1,"54":0,"55":0,"56":0,"57":1,"58":1,"59":0,"60":0,"61":0,"62":0,"63":0,"64":0,"65":0,"66":1,"67":0,"68":0,"69":0,"70":0,"71":0,"72":0,"73":1,"74":1,"75":1,"76":0,"77":0,"78":0,"79":0,"80":0,"81":0,"82":0,"83":1,"84":0,"85":0,"86":0,"87":0,"88":0,"89":0,"90":0,"91":0,"92":0,"93":0,"94":0,"95":0,"96":0,"97":1,"98":0,"99":0,"100":0,"101":0,"102":0,"103":0,"104":1,"105":1,"106":1,"107":1,"108":1,"109":1,"110":1,"111":0,"112":1,"113":0,"114":1,"115":0,"116":0,"117":0,"118":0,"119":1,"120":0,"121":0,"122":0,"123":1,"124":0,"125":0,"126":0,"127":0,"128":0,"129":0,"130":0,"131":0,"132":0,"133":0,"134":0,"135":0,"136":0,"137":0,"138":0,"139":0,"140":1,"141":0,"142":0,"143":0,"144":0,"145":0,"146":0,"147":0,"148":1,"149":0,"150":0,"151":0,"152":0,"153":0,"154":0,"155":0,"156":0,"157":0,"158":0,"159":1,"160":0,"161":0,"162":0,"163":0,"164":0,"165":1,"166":0,"167":0,"168":0,"169":1,"170":0,"171":0,"172":0,"173":0,"174":0,"175":0,"176":1,"177":0,"178":0,"179":0,"180":0,"181":0,"182":1,"183":0,"184":0,"185":0,"186":0,"187":0,"188":0,"189":0,"190":0,"191":1,"192":0,"193":0,"194":0,"195":0,"196":0,"197":0,"198":0,"199":0,"200":0,"201":0,"202":0,"203":0,"204":1,"205":2,"206":1,"207":1,"208":0,"209":0,"210":0,"211":0,"212":1,"213":0,"214":0,"215":0,"216":0,"217":0,"218":0,"219":0,"220":0,"221":0,"222":0,"223":0,"224":0,"225":0,"226":0,"227":0,"228":0,"229":0,"230":0,"231":0,"232":0,"233":0,"234":0,"235":1,"236":0,"237":0,"238":0,"239":0,"240":0,"241":1,"242":1,"243":0,"244":1,"245":0,"246":0,"247":0,"248":0,"249":1,"250":0,"251":0,"252":0,"253":0,"254":0,"255":0,"256":0,"257":0,"258":0,"259":0,"260":0,"261":0,"262":0,"263":0,"264":0,"265":0,"266":1,"267":0,"268":1,"269":0,"270":0,"271":0,"272":0,"273":1,"274":0,"275":0,"276":0,"277":0,"278":0,"279":0,"280":0,"281":0,"282":0,"283":0,"284":0,"285":0,"286":0,"287":0,"288":0,"289":0,"290":1,"291":0,"292":0,"293":0,"294":0,"295":0,"296":0,"297":0,"298":0,"299":1,"300":0,"301":0,"302":0,"303":0,"304":1,"305":0,"306":1,"307":0,"308":0,"309":0,"310":0,"311":0,"312":0,"313":0,"314":0,"315":1,"316":0,"317":0,"318":0,"319":0,"320":1,"321":0,"322":1,"323":0,"324":1,"325":0,"326":0,"327":0,"328":0,"329":0,"330":0,"331":1,"332":1,"333":1,"334":1,"335":1,"336":1,"337":1,"338":1,"339":0,"340":1,"341":1,"342":1,"343":1,"344":0,"345":0,"346":0,"347":0,"348":0,"349":1,"350":1,"351":1,"352":1,"353":1,"354":1,"355":1,"356":0,"357":1,"358":1,"359":1},"b":{"1":[1,0],"2":[1,1],"3":[0,0],"4":[0,0],"5":[0,0,0],"6":[0,1],"7":[0,0],"8":[0,0],"9":[0,1],"10":[1,1],"11":[1,1],"12":[1,1,1],"13":[1,1,0],"14":[0,0],"15":[0,0],"16":[1,0],"17":[0,0],"18":[0,0],"19":[0,0],"20":[0,0],"21":[0,0],"22":[0,0],"23":[0,0],"24":[0,0,0],"25":[0,0],"26":[0,0],"27":[0,0],"28":[0,0],"29":[0,0],"30":[0,0],"31":[0,0],"32":[0,0],"33":[0,0],"34":[0,0,0],"35":[0,0],"36":[0,0],"37":[0,0],"38":[0,0],"39":[0,0],"40":[0,0],"41":[0,0],"42":[0,0],"43":[0,0],"44":[0,0],"45":[0,0],"46":[0,0],"47":[0,0],"48":[0,0],"49":[0,0],"50":[0,0],"51":[0,0],"52":[0,0],"53":[0,0],"54":[0,0],"55":[0,0],"56":[0,0],"57":[0,0],"58":[0,0],"59":[0,0],"60":[0,0],"61":[0,0],"62":[0,0],"63":[0,0],"64":[0,0],"65":[0,0],"66":[0,0],"67":[0,0],"68":[0,0],"69":[0,0],"70":[0,0],"71":[0,0],"72":[0,0],"73":[0,0],"74":[0,0],"75":[1,0],"76":[0,0],"77":[1,0],"78":[1,0],"79":[1,1]},"f":{"1":1,"2":1,"3":0,"4":0,"5":0,"6":0,"7":0,"8":0,"9":1,"10":0,"11":0,"12":0,"13":0,"14":0,"15":0,"16":0,"17":0,"18":0,"19":0,"20":0,"21":0,"22":0,"23":0,"24":0,"25":0,"26":0,"27":0,"28":0,"29":0,"30":0,"31":0,"32":0,"33":0,"34":0,"35":0,"36":0,"37":0,"38":0,"39":0,"40":0,"41":0,"42":0,"43":0,"44":2,"45":0,"46":0,"47":0,"48":0,"49":0,"50":0,"51":0,"52":0,"53":0,"54":0,"55":0,"56":0,"57":0,"58":0,"59":0,"60":0,"61":0,"62":0,"63":0,"64":0,"65":0,"66":0,"67":0,"68":0,"69":0,"70":1},"fnMap":{"1":{"name":"(anonymous_1)","line":9,"loc":{"start":{"line":9,"column":1},"end":{"line":9,"column":28}}},"2":{"name":"(anonymous_2)","line":13,"loc":{"start":{"line":13,"column":9},"end":{"line":13,"column":21}}},"3":{"name":"objectOrFunction","line":15,"loc":{"start":{"line":15,"column":0},"end":{"line":15,"column":29}}},"4":{"name":"isFunction","line":19,"loc":{"start":{"line":19,"column":0},"end":{"line":19,"column":23}}},"5":{"name":"(anonymous_5)","line":25,"loc":{"start":{"line":25,"column":13},"end":{"line":25,"column":26}}},"6":{"name":"asap","line":38,"loc":{"start":{"line":38,"column":11},"end":{"line":38,"column":40}}},"7":{"name":"setScheduler","line":54,"loc":{"start":{"line":54,"column":0},"end":{"line":54,"column":34}}},"8":{"name":"setAsap","line":58,"loc":{"start":{"line":58,"column":0},"end":{"line":58,"column":25}}},"9":{"name":"useNextTick","line":71,"loc":{"start":{"line":71,"column":0},"end":{"line":71,"column":23}}},"10":{"name":"(anonymous_10)","line":74,"loc":{"start":{"line":74,"column":9},"end":{"line":74,"column":21}}},"11":{"name":"useVertxTimer","line":80,"loc":{"start":{"line":80,"column":0},"end":{"line":80,"column":25}}},"12":{"name":"(anonymous_12)","line":82,"loc":{"start":{"line":82,"column":11},"end":{"line":82,"column":23}}},"13":{"name":"useMutationObserver","line":90,"loc":{"start":{"line":90,"column":0},"end":{"line":90,"column":31}}},"14":{"name":"(anonymous_14)","line":96,"loc":{"start":{"line":96,"column":9},"end":{"line":96,"column":21}}},"15":{"name":"useMessageChannel","line":102,"loc":{"start":{"line":102,"column":0},"end":{"line":102,"column":29}}},"16":{"name":"(anonymous_16)","line":105,"loc":{"start":{"line":105,"column":9},"end":{"line":105,"column":21}}},"17":{"name":"useSetTimeout","line":110,"loc":{"start":{"line":110,"column":0},"end":{"line":110,"column":25}}},"18":{"name":"(anonymous_18)","line":114,"loc":{"start":{"line":114,"column":9},"end":{"line":114,"column":21}}},"19":{"name":"flush","line":120,"loc":{"start":{"line":120,"column":0},"end":{"line":120,"column":17}}},"20":{"name":"attemptVertx","line":134,"loc":{"start":{"line":134,"column":0},"end":{"line":134,"column":24}}},"21":{"name":"then","line":159,"loc":{"start":{"line":159,"column":0},"end":{"line":159,"column":42}}},"22":{"name":"(anonymous_22)","line":173,"loc":{"start":{"line":173,"column":5},"end":{"line":173,"column":17}}},"23":{"name":"(anonymous_23)","line":175,"loc":{"start":{"line":175,"column":11},"end":{"line":175,"column":23}}},"24":{"name":"resolve","line":217,"loc":{"start":{"line":217,"column":0},"end":{"line":217,"column":25}}},"25":{"name":"noop","line":232,"loc":{"start":{"line":232,"column":0},"end":{"line":232,"column":16}}},"26":{"name":"selfFulfillment","line":240,"loc":{"start":{"line":240,"column":0},"end":{"line":240,"column":27}}},"27":{"name":"cannotReturnOwn","line":244,"loc":{"start":{"line":244,"column":0},"end":{"line":244,"column":27}}},"28":{"name":"getThen","line":248,"loc":{"start":{"line":248,"column":0},"end":{"line":248,"column":26}}},"29":{"name":"tryThen","line":257,"loc":{"start":{"line":257,"column":0},"end":{"line":257,"column":68}}},"30":{"name":"handleForeignThenable","line":265,"loc":{"start":{"line":265,"column":0},"end":{"line":265,"column":56}}},"31":{"name":"(anonymous_31)","line":266,"loc":{"start":{"line":266,"column":7},"end":{"line":266,"column":26}}},"32":{"name":"(anonymous_32)","line":268,"loc":{"start":{"line":268,"column":40},"end":{"line":268,"column":57}}},"33":{"name":"(anonymous_33)","line":278,"loc":{"start":{"line":278,"column":7},"end":{"line":278,"column":25}}},"34":{"name":"handleOwnThenable","line":294,"loc":{"start":{"line":294,"column":0},"end":{"line":294,"column":46}}},"35":{"name":"(anonymous_35)","line":300,"loc":{"start":{"line":300,"column":35},"end":{"line":300,"column":52}}},"36":{"name":"(anonymous_36)","line":302,"loc":{"start":{"line":302,"column":7},"end":{"line":302,"column":25}}},"37":{"name":"handleMaybeThenable","line":308,"loc":{"start":{"line":308,"column":0},"end":{"line":308,"column":61}}},"38":{"name":"_resolve","line":325,"loc":{"start":{"line":325,"column":0},"end":{"line":325,"column":34}}},"39":{"name":"publishRejection","line":335,"loc":{"start":{"line":335,"column":0},"end":{"line":335,"column":35}}},"40":{"name":"fulfill","line":343,"loc":{"start":{"line":343,"column":0},"end":{"line":343,"column":33}}},"41":{"name":"_reject","line":356,"loc":{"start":{"line":356,"column":0},"end":{"line":356,"column":34}}},"42":{"name":"subscribe","line":366,"loc":{"start":{"line":366,"column":0},"end":{"line":366,"column":62}}},"43":{"name":"publish","line":381,"loc":{"start":{"line":381,"column":0},"end":{"line":381,"column":26}}},"44":{"name":"ErrorObject","line":407,"loc":{"start":{"line":407,"column":0},"end":{"line":407,"column":23}}},"45":{"name":"tryCatch","line":413,"loc":{"start":{"line":413,"column":0},"end":{"line":413,"column":36}}},"46":{"name":"invokeCallback","line":422,"loc":{"start":{"line":422,"column":0},"end":{"line":422,"column":60}}},"47":{"name":"initializePromise","line":462,"loc":{"start":{"line":462,"column":0},"end":{"line":462,"column":46}}},"48":{"name":"resolvePromise","line":464,"loc":{"start":{"line":464,"column":13},"end":{"line":464,"column":44}}},"49":{"name":"rejectPromise","line":466,"loc":{"start":{"line":466,"column":7},"end":{"line":466,"column":38}}},"50":{"name":"nextId","line":475,"loc":{"start":{"line":475,"column":0},"end":{"line":475,"column":18}}},"51":{"name":"makePromise","line":479,"loc":{"start":{"line":479,"column":0},"end":{"line":479,"column":30}}},"52":{"name":"Enumerator","line":486,"loc":{"start":{"line":486,"column":0},"end":{"line":486,"column":40}}},"53":{"name":"validationError","line":515,"loc":{"start":{"line":515,"column":0},"end":{"line":515,"column":27}}},"54":{"name":"(anonymous_54)","line":519,"loc":{"start":{"line":519,"column":34},"end":{"line":519,"column":46}}},"55":{"name":"(anonymous_55)","line":528,"loc":{"start":{"line":528,"column":34},"end":{"line":528,"column":54}}},"56":{"name":"(anonymous_56)","line":545,"loc":{"start":{"line":545,"column":31},"end":{"line":545,"column":52}}},"57":{"name":"(anonymous_57)","line":554,"loc":{"start":{"line":554,"column":34},"end":{"line":554,"column":61}}},"58":{"name":"(anonymous_58)","line":572,"loc":{"start":{"line":572,"column":37},"end":{"line":572,"column":59}}},"59":{"name":"(anonymous_59)","line":575,"loc":{"start":{"line":575,"column":32},"end":{"line":575,"column":49}}},"60":{"name":"(anonymous_60)","line":577,"loc":{"start":{"line":577,"column":5},"end":{"line":577,"column":23}}},"61":{"name":"all","line":629,"loc":{"start":{"line":629,"column":0},"end":{"line":629,"column":22}}},"62":{"name":"race","line":698,"loc":{"start":{"line":698,"column":0},"end":{"line":698,"column":23}}},"63":{"name":"(anonymous_63)","line":703,"loc":{"start":{"line":703,"column":27},"end":{"line":703,"column":48}}},"64":{"name":"(anonymous_64)","line":707,"loc":{"start":{"line":707,"column":27},"end":{"line":707,"column":54}}},"65":{"name":"reject","line":750,"loc":{"start":{"line":750,"column":0},"end":{"line":750,"column":24}}},"66":{"name":"needsResolver","line":758,"loc":{"start":{"line":758,"column":0},"end":{"line":758,"column":25}}},"67":{"name":"needsNew","line":762,"loc":{"start":{"line":762,"column":0},"end":{"line":762,"column":20}}},"68":{"name":"Promise","line":869,"loc":{"start":{"line":869,"column":0},"end":{"line":869,"column":27}}},"69":{"name":"_catch","line":1113,"loc":{"start":{"line":1113,"column":11},"end":{"line":1113,"column":40}}},"70":{"name":"polyfill","line":1118,"loc":{"start":{"line":1118,"column":0},"end":{"line":1118,"column":20}}}},"statementMap":{"1":{"start":{"line":9,"column":0},"end":{"line":1157,"column":5}},"2":{"start":{"line":10,"column":4},"end":{"line":12,"column":36}},"3":{"start":{"line":15,"column":0},"end":{"line":17,"column":1}},"4":{"start":{"line":16,"column":2},"end":{"line":16,"column":72}},"5":{"start":{"line":19,"column":0},"end":{"line":21,"column":1}},"6":{"start":{"line":20,"column":2},"end":{"line":20,"column":33}},"7":{"start":{"line":23,"column":0},"end":{"line":23,"column":25}},"8":{"start":{"line":24,"column":0},"end":{"line":30,"column":1}},"9":{"start":{"line":25,"column":2},"end":{"line":27,"column":4}},"10":{"start":{"line":26,"column":4},"end":{"line":26,"column":66}},"11":{"start":{"line":29,"column":2},"end":{"line":29,"column":27}},"12":{"start":{"line":32,"column":0},"end":{"line":32,"column":23}},"13":{"start":{"line":34,"column":0},"end":{"line":34,"column":12}},"14":{"start":{"line":35,"column":0},"end":{"line":35,"column":26}},"15":{"start":{"line":36,"column":0},"end":{"line":36,"column":34}},"16":{"start":{"line":38,"column":0},"end":{"line":52,"column":2}},"17":{"start":{"line":39,"column":2},"end":{"line":39,"column":24}},"18":{"start":{"line":40,"column":2},"end":{"line":40,"column":23}},"19":{"start":{"line":41,"column":2},"end":{"line":41,"column":11}},"20":{"start":{"line":42,"column":2},"end":{"line":51,"column":3}},"21":{"start":{"line":46,"column":4},"end":{"line":50,"column":5}},"22":{"start":{"line":47,"column":6},"end":{"line":47,"column":31}},"23":{"start":{"line":49,"column":6},"end":{"line":49,"column":22}},"24":{"start":{"line":54,"column":0},"end":{"line":56,"column":1}},"25":{"start":{"line":55,"column":2},"end":{"line":55,"column":33}},"26":{"start":{"line":58,"column":0},"end":{"line":60,"column":1}},"27":{"start":{"line":59,"column":2},"end":{"line":59,"column":16}},"28":{"start":{"line":62,"column":0},"end":{"line":62,"column":71}},"29":{"start":{"line":63,"column":0},"end":{"line":63,"column":40}},"30":{"start":{"line":64,"column":0},"end":{"line":64,"column":101}},"31":{"start":{"line":65,"column":0},"end":{"line":65,"column":129}},"32":{"start":{"line":68,"column":0},"end":{"line":68,"column":137}},"33":{"start":{"line":71,"column":0},"end":{"line":77,"column":1}},"34":{"start":{"line":74,"column":2},"end":{"line":76,"column":4}},"35":{"start":{"line":75,"column":4},"end":{"line":75,"column":35}},"36":{"start":{"line":80,"column":0},"end":{"line":88,"column":1}},"37":{"start":{"line":81,"column":2},"end":{"line":85,"column":3}},"38":{"start":{"line":82,"column":4},"end":{"line":84,"column":6}},"39":{"start":{"line":83,"column":6},"end":{"line":83,"column":23}},"40":{"start":{"line":87,"column":2},"end":{"line":87,"column":25}},"41":{"start":{"line":90,"column":0},"end":{"line":99,"column":1}},"42":{"start":{"line":91,"column":2},"end":{"line":91,"column":21}},"43":{"start":{"line":92,"column":2},"end":{"line":92,"column":52}},"44":{"start":{"line":93,"column":2},"end":{"line":93,"column":41}},"45":{"start":{"line":94,"column":2},"end":{"line":94,"column":50}},"46":{"start":{"line":96,"column":2},"end":{"line":98,"column":4}},"47":{"start":{"line":97,"column":4},"end":{"line":97,"column":46}},"48":{"start":{"line":102,"column":0},"end":{"line":108,"column":1}},"49":{"start":{"line":103,"column":2},"end":{"line":103,"column":37}},"50":{"start":{"line":104,"column":2},"end":{"line":104,"column":34}},"51":{"start":{"line":105,"column":2},"end":{"line":107,"column":4}},"52":{"start":{"line":106,"column":4},"end":{"line":106,"column":40}},"53":{"start":{"line":110,"column":0},"end":{"line":117,"column":1}},"54":{"start":{"line":113,"column":2},"end":{"line":113,"column":36}},"55":{"start":{"line":114,"column":2},"end":{"line":116,"column":4}},"56":{"start":{"line":115,"column":4},"end":{"line":115,"column":38}},"57":{"start":{"line":119,"column":0},"end":{"line":119,"column":28}},"58":{"start":{"line":120,"column":0},"end":{"line":132,"column":1}},"59":{"start":{"line":121,"column":2},"end":{"line":129,"column":3}},"60":{"start":{"line":122,"column":4},"end":{"line":122,"column":28}},"61":{"start":{"line":123,"column":4},"end":{"line":123,"column":27}},"62":{"start":{"line":125,"column":4},"end":{"line":125,"column":18}},"63":{"start":{"line":127,"column":4},"end":{"line":127,"column":25}},"64":{"start":{"line":128,"column":4},"end":{"line":128,"column":29}},"65":{"start":{"line":131,"column":2},"end":{"line":131,"column":10}},"66":{"start":{"line":134,"column":0},"end":{"line":143,"column":1}},"67":{"start":{"line":135,"column":2},"end":{"line":142,"column":3}},"68":{"start":{"line":136,"column":4},"end":{"line":136,"column":20}},"69":{"start":{"line":137,"column":4},"end":{"line":137,"column":27}},"70":{"start":{"line":138,"column":4},"end":{"line":138,"column":54}},"71":{"start":{"line":139,"column":4},"end":{"line":139,"column":27}},"72":{"start":{"line":141,"column":4},"end":{"line":141,"column":27}},"73":{"start":{"line":145,"column":0},"end":{"line":145,"column":30}},"74":{"start":{"line":147,"column":0},"end":{"line":157,"column":1}},"75":{"start":{"line":148,"column":2},"end":{"line":148,"column":32}},"76":{"start":{"line":149,"column":7},"end":{"line":157,"column":1}},"77":{"start":{"line":150,"column":2},"end":{"line":150,"column":40}},"78":{"start":{"line":151,"column":7},"end":{"line":157,"column":1}},"79":{"start":{"line":152,"column":2},"end":{"line":152,"column":38}},"80":{"start":{"line":153,"column":7},"end":{"line":157,"column":1}},"81":{"start":{"line":154,"column":2},"end":{"line":154,"column":33}},"82":{"start":{"line":156,"column":2},"end":{"line":156,"column":34}},"83":{"start":{"line":159,"column":0},"end":{"line":184,"column":1}},"84":{"start":{"line":160,"column":2},"end":{"line":160,"column":29}},"85":{"start":{"line":162,"column":2},"end":{"line":162,"column":20}},"86":{"start":{"line":164,"column":2},"end":{"line":164,"column":41}},"87":{"start":{"line":166,"column":2},"end":{"line":168,"column":3}},"88":{"start":{"line":167,"column":4},"end":{"line":167,"column":23}},"89":{"start":{"line":170,"column":2},"end":{"line":170,"column":29}},"90":{"start":{"line":172,"column":2},"end":{"line":181,"column":3}},"91":{"start":{"line":173,"column":4},"end":{"line":178,"column":9}},"92":{"start":{"line":174,"column":6},"end":{"line":174,"column":44}},"93":{"start":{"line":175,"column":6},"end":{"line":177,"column":9}},"94":{"start":{"line":176,"column":8},"end":{"line":176,"column":71}},"95":{"start":{"line":180,"column":4},"end":{"line":180,"column":57}},"96":{"start":{"line":183,"column":2},"end":{"line":183,"column":15}},"97":{"start":{"line":217,"column":0},"end":{"line":228,"column":1}},"98":{"start":{"line":219,"column":2},"end":{"line":219,"column":25}},"99":{"start":{"line":221,"column":2},"end":{"line":223,"column":3}},"100":{"start":{"line":222,"column":4},"end":{"line":222,"column":18}},"101":{"start":{"line":225,"column":2},"end":{"line":225,"column":38}},"102":{"start":{"line":226,"column":2},"end":{"line":226,"column":28}},"103":{"start":{"line":227,"column":2},"end":{"line":227,"column":17}},"104":{"start":{"line":230,"column":0},"end":{"line":230,"column":58}},"105":{"start":{"line":232,"column":0},"end":{"line":232,"column":18}},"106":{"start":{"line":234,"column":0},"end":{"line":234,"column":21}},"107":{"start":{"line":235,"column":0},"end":{"line":235,"column":18}},"108":{"start":{"line":236,"column":0},"end":{"line":236,"column":17}},"109":{"start":{"line":238,"column":0},"end":{"line":238,"column":39}},"110":{"start":{"line":240,"column":0},"end":{"line":242,"column":1}},"111":{"start":{"line":241,"column":2},"end":{"line":241,"column":67}},"112":{"start":{"line":244,"column":0},"end":{"line":246,"column":1}},"113":{"start":{"line":245,"column":2},"end":{"line":245,"column":79}},"114":{"start":{"line":248,"column":0},"end":{"line":255,"column":1}},"115":{"start":{"line":249,"column":2},"end":{"line":254,"column":3}},"116":{"start":{"line":250,"column":4},"end":{"line":250,"column":24}},"117":{"start":{"line":252,"column":4},"end":{"line":252,"column":33}},"118":{"start":{"line":253,"column":4},"end":{"line":253,"column":26}},"119":{"start":{"line":257,"column":0},"end":{"line":263,"column":1}},"120":{"start":{"line":258,"column":2},"end":{"line":262,"column":3}},"121":{"start":{"line":259,"column":4},"end":{"line":259,"column":59}},"122":{"start":{"line":261,"column":4},"end":{"line":261,"column":13}},"123":{"start":{"line":265,"column":0},"end":{"line":292,"column":1}},"124":{"start":{"line":266,"column":2},"end":{"line":291,"column":14}},"125":{"start":{"line":267,"column":4},"end":{"line":267,"column":23}},"126":{"start":{"line":268,"column":4},"end":{"line":285,"column":60}},"127":{"start":{"line":269,"column":6},"end":{"line":271,"column":7}},"128":{"start":{"line":270,"column":8},"end":{"line":270,"column":15}},"129":{"start":{"line":272,"column":6},"end":{"line":272,"column":20}},"130":{"start":{"line":273,"column":6},"end":{"line":277,"column":7}},"131":{"start":{"line":274,"column":8},"end":{"line":274,"column":33}},"132":{"start":{"line":276,"column":8},"end":{"line":276,"column":32}},"133":{"start":{"line":279,"column":6},"end":{"line":281,"column":7}},"134":{"start":{"line":280,"column":8},"end":{"line":280,"column":15}},"135":{"start":{"line":282,"column":6},"end":{"line":282,"column":20}},"136":{"start":{"line":284,"column":6},"end":{"line":284,"column":31}},"137":{"start":{"line":287,"column":4},"end":{"line":290,"column":5}},"138":{"start":{"line":288,"column":6},"end":{"line":288,"column":20}},"139":{"start":{"line":289,"column":6},"end":{"line":289,"column":30}},"140":{"start":{"line":294,"column":0},"end":{"line":306,"column":1}},"141":{"start":{"line":295,"column":2},"end":{"line":305,"column":3}},"142":{"start":{"line":296,"column":4},"end":{"line":296,"column":39}},"143":{"start":{"line":297,"column":9},"end":{"line":305,"column":3}},"144":{"start":{"line":298,"column":4},"end":{"line":298,"column":39}},"145":{"start":{"line":300,"column":4},"end":{"line":304,"column":7}},"146":{"start":{"line":301,"column":6},"end":{"line":301,"column":38}},"147":{"start":{"line":303,"column":6},"end":{"line":303,"column":38}},"148":{"start":{"line":308,"column":0},"end":{"line":323,"column":1}},"149":{"start":{"line":309,"column":2},"end":{"line":322,"column":3}},"150":{"start":{"line":310,"column":4},"end":{"line":310,"column":46}},"151":{"start":{"line":312,"column":4},"end":{"line":321,"column":5}},"152":{"start":{"line":313,"column":6},"end":{"line":313,"column":45}},"153":{"start":{"line":314,"column":6},"end":{"line":314,"column":34}},"154":{"start":{"line":315,"column":11},"end":{"line":321,"column":5}},"155":{"start":{"line":316,"column":6},"end":{"line":316,"column":38}},"156":{"start":{"line":317,"column":11},"end":{"line":321,"column":5}},"157":{"start":{"line":318,"column":6},"end":{"line":318,"column":60}},"158":{"start":{"line":320,"column":6},"end":{"line":320,"column":38}},"159":{"start":{"line":325,"column":0},"end":{"line":333,"column":1}},"160":{"start":{"line":326,"column":2},"end":{"line":332,"column":3}},"161":{"start":{"line":327,"column":4},"end":{"line":327,"column":40}},"162":{"start":{"line":328,"column":9},"end":{"line":332,"column":3}},"163":{"start":{"line":329,"column":4},"end":{"line":329,"column":56}},"164":{"start":{"line":331,"column":4},"end":{"line":331,"column":28}},"165":{"start":{"line":335,"column":0},"end":{"line":341,"column":1}},"166":{"start":{"line":336,"column":2},"end":{"line":338,"column":3}},"167":{"start":{"line":337,"column":4},"end":{"line":337,"column":38}},"168":{"start":{"line":340,"column":2},"end":{"line":340,"column":19}},"169":{"start":{"line":343,"column":0},"end":{"line":354,"column":1}},"170":{"start":{"line":344,"column":2},"end":{"line":346,"column":3}},"171":{"start":{"line":345,"column":4},"end":{"line":345,"column":11}},"172":{"start":{"line":348,"column":2},"end":{"line":348,"column":26}},"173":{"start":{"line":349,"column":2},"end":{"line":349,"column":29}},"174":{"start":{"line":351,"column":2},"end":{"line":353,"column":3}},"175":{"start":{"line":352,"column":4},"end":{"line":352,"column":27}},"176":{"start":{"line":356,"column":0},"end":{"line":364,"column":1}},"177":{"start":{"line":357,"column":2},"end":{"line":359,"column":3}},"178":{"start":{"line":358,"column":4},"end":{"line":358,"column":11}},"179":{"start":{"line":360,"column":2},"end":{"line":360,"column":28}},"180":{"start":{"line":361,"column":2},"end":{"line":361,"column":27}},"181":{"start":{"line":363,"column":2},"end":{"line":363,"column":34}},"182":{"start":{"line":366,"column":0},"end":{"line":379,"column":1}},"183":{"start":{"line":367,"column":2},"end":{"line":367,"column":41}},"184":{"start":{"line":368,"column":2},"end":{"line":368,"column":35}},"185":{"start":{"line":370,"column":2},"end":{"line":370,"column":25}},"186":{"start":{"line":372,"column":2},"end":{"line":372,"column":31}},"187":{"start":{"line":373,"column":2},"end":{"line":373,"column":51}},"188":{"start":{"line":374,"column":2},"end":{"line":374,"column":48}},"189":{"start":{"line":376,"column":2},"end":{"line":378,"column":3}},"190":{"start":{"line":377,"column":4},"end":{"line":377,"column":26}},"191":{"start":{"line":381,"column":0},"end":{"line":405,"column":1}},"192":{"start":{"line":382,"column":2},"end":{"line":382,"column":41}},"193":{"start":{"line":383,"column":2},"end":{"line":383,"column":31}},"194":{"start":{"line":385,"column":2},"end":{"line":387,"column":3}},"195":{"start":{"line":386,"column":4},"end":{"line":386,"column":11}},"196":{"start":{"line":389,"column":2},"end":{"line":391,"column":31}},"197":{"start":{"line":393,"column":2},"end":{"line":402,"column":3}},"198":{"start":{"line":394,"column":4},"end":{"line":394,"column":27}},"199":{"start":{"line":395,"column":4},"end":{"line":395,"column":40}},"200":{"start":{"line":397,"column":4},"end":{"line":401,"column":5}},"201":{"start":{"line":398,"column":6},"end":{"line":398,"column":55}},"202":{"start":{"line":400,"column":6},"end":{"line":400,"column":23}},"203":{"start":{"line":404,"column":2},"end":{"line":404,"column":34}},"204":{"start":{"line":407,"column":0},"end":{"line":409,"column":1}},"205":{"start":{"line":408,"column":2},"end":{"line":408,"column":20}},"206":{"start":{"line":411,"column":0},"end":{"line":411,"column":40}},"207":{"start":{"line":413,"column":0},"end":{"line":420,"column":1}},"208":{"start":{"line":414,"column":2},"end":{"line":419,"column":3}},"209":{"start":{"line":415,"column":4},"end":{"line":415,"column":28}},"210":{"start":{"line":417,"column":4},"end":{"line":417,"column":30}},"211":{"start":{"line":418,"column":4},"end":{"line":418,"column":27}},"212":{"start":{"line":422,"column":0},"end":{"line":460,"column":1}},"213":{"start":{"line":423,"column":2},"end":{"line":427,"column":25}},"214":{"start":{"line":429,"column":2},"end":{"line":447,"column":3}},"215":{"start":{"line":430,"column":4},"end":{"line":430,"column":39}},"216":{"start":{"line":432,"column":4},"end":{"line":438,"column":5}},"217":{"start":{"line":433,"column":6},"end":{"line":433,"column":20}},"218":{"start":{"line":434,"column":6},"end":{"line":434,"column":26}},"219":{"start":{"line":435,"column":6},"end":{"line":435,"column":25}},"220":{"start":{"line":437,"column":6},"end":{"line":437,"column":23}},"221":{"start":{"line":440,"column":4},"end":{"line":443,"column":5}},"222":{"start":{"line":441,"column":6},"end":{"line":441,"column":42}},"223":{"start":{"line":442,"column":6},"end":{"line":442,"column":13}},"224":{"start":{"line":445,"column":4},"end":{"line":445,"column":19}},"225":{"start":{"line":446,"column":4},"end":{"line":446,"column":21}},"226":{"start":{"line":449,"column":2},"end":{"line":459,"column":5}},"227":{"start":{"line":451,"column":9},"end":{"line":459,"column":5}},"228":{"start":{"line":452,"column":6},"end":{"line":452,"column":31}},"229":{"start":{"line":453,"column":11},"end":{"line":459,"column":5}},"230":{"start":{"line":454,"column":6},"end":{"line":454,"column":30}},"231":{"start":{"line":455,"column":11},"end":{"line":459,"column":5}},"232":{"start":{"line":456,"column":6},"end":{"line":456,"column":30}},"233":{"start":{"line":457,"column":11},"end":{"line":459,"column":5}},"234":{"start":{"line":458,"column":6},"end":{"line":458,"column":30}},"235":{"start":{"line":462,"column":0},"end":{"line":472,"column":1}},"236":{"start":{"line":463,"column":2},"end":{"line":471,"column":3}},"237":{"start":{"line":464,"column":4},"end":{"line":468,"column":7}},"238":{"start":{"line":465,"column":6},"end":{"line":465,"column":31}},"239":{"start":{"line":467,"column":6},"end":{"line":467,"column":31}},"240":{"start":{"line":470,"column":4},"end":{"line":470,"column":24}},"241":{"start":{"line":474,"column":0},"end":{"line":474,"column":11}},"242":{"start":{"line":475,"column":0},"end":{"line":477,"column":1}},"243":{"start":{"line":476,"column":2},"end":{"line":476,"column":14}},"244":{"start":{"line":479,"column":0},"end":{"line":484,"column":1}},"245":{"start":{"line":480,"column":2},"end":{"line":480,"column":29}},"246":{"start":{"line":481,"column":2},"end":{"line":481,"column":29}},"247":{"start":{"line":482,"column":2},"end":{"line":482,"column":30}},"248":{"start":{"line":483,"column":2},"end":{"line":483,"column":28}},"249":{"start":{"line":486,"column":0},"end":{"line":513,"column":1}},"250":{"start":{"line":487,"column":2},"end":{"line":487,"column":42}},"251":{"start":{"line":488,"column":2},"end":{"line":488,"column":39}},"252":{"start":{"line":490,"column":2},"end":{"line":492,"column":3}},"253":{"start":{"line":491,"column":4},"end":{"line":491,"column":30}},"254":{"start":{"line":494,"column":2},"end":{"line":512,"column":3}},"255":{"start":{"line":495,"column":4},"end":{"line":495,"column":24}},"256":{"start":{"line":496,"column":4},"end":{"line":496,"column":31}},"257":{"start":{"line":497,"column":4},"end":{"line":497,"column":35}},"258":{"start":{"line":499,"column":4},"end":{"line":499,"column":42}},"259":{"start":{"line":501,"column":4},"end":{"line":509,"column":5}},"260":{"start":{"line":502,"column":6},"end":{"line":502,"column":42}},"261":{"start":{"line":504,"column":6},"end":{"line":504,"column":37}},"262":{"start":{"line":505,"column":6},"end":{"line":505,"column":24}},"263":{"start":{"line":506,"column":6},"end":{"line":508,"column":7}},"264":{"start":{"line":507,"column":8},"end":{"line":507,"column":44}},"265":{"start":{"line":511,"column":4},"end":{"line":511,"column":45}},"266":{"start":{"line":515,"column":0},"end":{"line":517,"column":1}},"267":{"start":{"line":516,"column":2},"end":{"line":516,"column":62}},"268":{"start":{"line":519,"column":0
[...]
.prototype._settledAt = function (state, i, value) {","  var promise = this.promise;","","  if (promise._state === PENDING) {","    this._remaining--;","","    if (state === REJECTED) {","      _reject(promise, value);","    } else {","      this._result[i] = value;","    }","  }","","  if (this._remaining === 0) {","    fulfill(promise, this._result);","  }","};","","Enumerator.prototype._willSettleAt = function (promise, i) {","  var enumerator = this;","","  subscribe(promise, undefined, function (value) {","    return enumerator._settledAt(FULFILLED, i, value);","  }, function (reason) {","    return enumerator._settledAt(REJECTED, i, reason);","  });","};","","/**","  `Promise.all` accepts an array of promises, and returns a new promise which","  is fulfilled with an array of fulfillment values for the passed promises, or","  rejected with the reason of the first passed promise to be rejected. It casts all","  elements of the passed iterable to promises as it runs this algorithm.","","  Example:","","  ```javascript","  let promise1 = resolve(1);","  let promise2 = resolve(2);","  let promise3 = resolve(3);","  let promises = [ promise1, promise2, promise3 ];","","  Promise.all(promises).then(function(array){","    // The array here would be [ 1, 2, 3 ];","  });","  ```","","  If any of the `promises` given to `all` are rejected, the first promise","  that is rejected will be given as an argument to the returned promises's","  rejection handler. For example:","","  Example:","","  ```javascript","  let promise1 = resolve(1);","  let promise2 = reject(new Error(\"2\"));","  let promise3 = reject(new Error(\"3\"));","  let promises = [ promise1, promise2, promise3 ];","","  Promise.all(promises).then(function(array){","    // Code here never runs because there are rejected promises!","  }, function(error) {","    // error.message === \"2\"","  });","  ```","","  @method all","  @static","  @param {Array} entries array of promises","  @param {String} label optional string for labeling the promise.","  Useful for tooling.","  @return {Promise} promise that is fulfilled when all `promises` have been","  fulfilled, or rejected if any of them become rejected.","  @static","*/","function all(entries) {","  return new Enumerator(this, entries).promise;","}","","/**","  `Promise.race` returns a new promise which is settled in the same way as the","  first passed promise to settle.","","  Example:","","  ```javascript","  let promise1 = new Promise(function(resolve, reject){","    setTimeout(function(){","      resolve('promise 1');","    }, 200);","  });","","  let promise2 = new Promise(function(resolve, reject){","    setTimeout(function(){","      resolve('promise 2');","    }, 100);","  });","","  Promise.race([promise1, promise2]).then(function(result){","    // result === 'promise 2' because it was resolved before promise1","    // was resolved.","  });","  ```","","  `Promise.race` is deterministic in that only the state of the first","  settled promise matters. For example, even if other promises given to the","  `promises` array argument are resolved, but the first settled promise has","  become rejected before the other promises became fulfilled, the returned","  promise will become rejected:","","  ```javascript","  let promise1 = new Promise(function(resolve, reject){","    setTimeout(function(){","      resolve('promise 1');","    }, 200);","  });","","  let promise2 = new Promise(function(resolve, reject){","    setTimeout(function(){","      reject(new Error('promise 2'));","    }, 100);","  });","","  Promise.race([promise1, promise2]).then(function(result){","    // Code here never runs","  }, function(reason){","    // reason.message === 'promise 2' because promise 2 became rejected before","    // promise 1 became fulfilled","  });","  ```","","  An example real-world use case is implementing timeouts:","","  ```javascript","  Promise.race([ajax('foo.json'), timeout(5000)])","  ```","","  @method race","  @static","  @param {Array} promises array of promises to observe","  Useful for tooling.","  @return {Promise} a promise which settles in the same way as the first passed","  promise to settle.","*/","function race(entries) {","  /*jshint validthis:true */","  var Constructor = this;","","  if (!isArray(entries)) {","    return new Constructor(function (_, reject) {","      return reject(new TypeError('You must pass an array to race.'));","    });","  } else {","    return new Constructor(function (resolve, reject) {","      var length = entries.length;","      for (var i = 0; i < length; i++) {","        Constructor.resolve(entries[i]).then(resolve, reject);","      }","    });","  }","}","","/**","  `Promise.reject` returns a promise rejected with the passed `reason`.","  It is shorthand for the following:","","  ```javascript","  let promise = new Promise(function(resolve, reject){","    reject(new Error('WHOOPS'));","  });","","  promise.then(function(value){","    // Code here doesn't run because the promise is rejected!","  }, function(reason){","    // reason.message === 'WHOOPS'","  });","  ```","","  Instead of writing the above, your code now simply becomes the following:","","  ```javascript","  let promise = Promise.reject(new Error('WHOOPS'));","","  promise.then(function(value){","    // Code here doesn't run because the promise is rejected!","  }, function(reason){","    // reason.message === 'WHOOPS'","  });","  ```","","  @method reject","  @static","  @param {Any} reason value that the returned promise will be rejected with.","  Useful for tooling.","  @return {Promise} a promise rejected with the given `reason`.","*/","function reject(reason) {","  /*jshint validthis:true */","  var Constructor = this;","  var promise = new Constructor(noop);","  _reject(promise, reason);","  return promise;","}","","function needsResolver() {","  throw new TypeError('You must pass a resolver function as the first argument to the promise constructor');","}","","function needsNew() {","  throw new TypeError(\"Failed to construct 'Promise': Please use the 'new' operator, this object constructor cannot be called as a function.\");","}","","/**","  Promise objects represent the eventual result of an asynchronous operation. The","  primary way of interacting with a promise is through its `then` method, which","  registers callbacks to receive either a promise's eventual value or the reason","  why the promise cannot be fulfilled.","","  Terminology","  -----------","","  - `promise` is an object or function with a `then` method whose behavior conforms to this specification.","  - `thenable` is an object or function that defines a `then` method.","  - `value` is any legal JavaScript value (including undefined, a thenable, or a promise).","  - `exception` is a value that is thrown using the throw statement.","  - `reason` is a value that indicates why a promise was rejected.","  - `settled` the final resting state of a promise, fulfilled or rejected.","","  A promise can be in one of three states: pending, fulfilled, or rejected.","","  Promises that are fulfilled have a fulfillment value and are in the fulfilled","  state.  Promises that are rejected have a rejection reason and are in the","  rejected state.  A fulfillment value is never a thenable.","","  Promises can also be said to *resolve* a value.  If this value is also a","  promise, then the original promise's settled state will match the value's","  settled state.  So a promise that *resolves* a promise that rejects will","  itself reject, and a promise that *resolves* a promise that fulfills will","  itself fulfill.","","","  Basic Usage:","  ------------","","  ```js","  let promise = new Promise(function(resolve, reject) {","    // on success","    resolve(value);","","    // on failure","    reject(reason);","  });","","  promise.then(function(value) {","    // on fulfillment","  }, function(reason) {","    // on rejection","  });","  ```","","  Advanced Usage:","  ---------------","","  Promises shine when abstracting away asynchronous interactions such as","  `XMLHttpRequest`s.","","  ```js","  function getJSON(url) {","    return new Promise(function(resolve, reject){","      let xhr = new XMLHttpRequest();","","      xhr.open('GET', url);","      xhr.onreadystatechange = handler;","      xhr.responseType = 'json';","      xhr.setRequestHeader('Accept', 'application/json');","      xhr.send();","","      function handler() {","        if (this.readyState === this.DONE) {","          if (this.status === 200) {","            resolve(this.response);","          } else {","            reject(new Error('getJSON: `' + url + '` failed with status: [' + this.status + ']'));","          }","        }","      };","    });","  }","","  getJSON('/posts.json').then(function(json) {","    // on fulfillment","  }, function(reason) {","    // on rejection","  });","  ```","","  Unlike callbacks, promises are great composable primitives.","","  ```js","  Promise.all([","    getJSON('/posts'),","    getJSON('/comments')","  ]).then(function(values){","    values[0] // => postsJSON","    values[1] // => commentsJSON","","    return values;","  });","  ```","","  @class Promise","  @param {function} resolver","  Useful for tooling.","  @constructor","*/","function Promise(resolver) {","  this[PROMISE_ID] = nextId();","  this._result = this._state = undefined;","  this._subscribers = [];","","  if (noop !== resolver) {","    typeof resolver !== 'function' && needsResolver();","    this instanceof Promise ? initializePromise(this, resolver) : needsNew();","  }","}","","Promise.all = all;","Promise.race = race;","Promise.resolve = resolve;","Promise.reject = reject;","Promise._setScheduler = setScheduler;","Promise._setAsap = setAsap;","Promise._asap = asap;","","Promise.prototype = {","  constructor: Promise,","","  /**","    The primary way of interacting with a promise is through its `then` method,","    which registers callbacks to receive either a promise's eventual value or the","    reason why the promise cannot be fulfilled.","  ","    ```js","    findUser().then(function(user){","      // user is available","    }, function(reason){","      // user is unavailable, and you are given the reason why","    });","    ```","  ","    Chaining","    --------","  ","    The return value of `then` is itself a promise.  This second, 'downstream'","    promise is resolved with the return value of the first promise's fulfillment","    or rejection handler, or rejected if the handler throws an exception.","  ","    ```js","    findUser().then(function (user) {","      return user.name;","    }, function (reason) {","      return 'default name';","    }).then(function (userName) {","      // If `findUser` fulfilled, `userName` will be the user's name, otherwise it","      // will be `'default name'`","    });","  ","    findUser().then(function (user) {","      throw new Error('Found user, but still unhappy');","    }, function (reason) {","      throw new Error('`findUser` rejected and we're unhappy');","    }).then(function (value) {","      // never reached","    }, function (reason) {","      // if `findUser` fulfilled, `reason` will be 'Found user, but still unhappy'.","      // If `findUser` rejected, `reason` will be '`findUser` rejected and we're unhappy'.","    });","    ```","    If the downstream promise does not specify a rejection handler, rejection reasons will be propagated further downstream.","  ","    ```js","    findUser().then(function (user) {","      throw new PedagogicalException('Upstream error');","    }).then(function (value) {","      // never reached","    }).then(function (value) {","      // never reached","    }, function (reason) {","      // The `PedgagocialException` is propagated all the way down to here","    });","    ```","  ","    Assimilation","    ------------","  ","    Sometimes the value you want to propagate to a downstream promise can only be","    retrieved asynchronously. This can be achieved by returning a promise in the","    fulfillment or rejection handler. The downstream promise will then be pending","    until the returned promise is settled. This is called *assimilation*.","  ","    ```js","    findUser().then(function (user) {","      return findCommentsByAuthor(user);","    }).then(function (comments) {","      // The user's comments are now available","    });","    ```","  ","    If the assimliated promise rejects, then the downstream promise will also reject.","  ","    ```js","    findUser().then(function (user) {","      return findCommentsByAuthor(user);","    }).then(function (comments) {","      // If `findCommentsByAuthor` fulfills, we'll have the value here","    }, function (reason) {","      // If `findCommentsByAuthor` rejects, we'll have the reason here","    });","    ```","  ","    Simple Example","    --------------","  ","    Synchronous Example","  ","    ```javascript","    let result;","  ","    try {","      result = findResult();","      // success","    } catch(reason) {","      // failure","    }","    ```","  ","    Errback Example","  ","    ```js","    findResult(function(result, err){","      if (err) {","        // failure","      } else {","        // success","      }","    });","    ```","  ","    Promise Example;","  ","    ```javascript","    findResult().then(function(result){","      // success","    }, function(reason){","      // failure","    });","    ```","  ","    Advanced Example","    --------------","  ","    Synchronous Example","  ","    ```javascript","    let author, books;","  ","    try {","      author = findAuthor();","      books  = findBooksByAuthor(author);","      // success","    } catch(reason) {","      // failure","    }","    ```","  ","    Errback Example","  ","    ```js","  ","    function foundBooks(books) {","  ","    }","  ","    function failure(reason) {","  ","    }","  ","    findAuthor(function(author, err){","      if (err) {","        failure(err);","        // failure","      } else {","        try {","          findBoooksByAuthor(author, function(books, err) {","            if (err) {","              failure(err);","            } else {","              try {","                foundBooks(books);","              } catch(reason) {","                failure(reason);","              }","            }","          });","        } catch(error) {","          failure(err);","        }","        // success","      }","    });","    ```","  ","    Promise Example;","  ","    ```javascript","    findAuthor().","      then(findBooksByAuthor).","      then(function(books){","        // found books","    }).catch(function(reason){","      // something went wrong","    });","    ```","  ","    @method then","    @param {Function} onFulfilled","    @param {Function} onRejected","    Useful for tooling.","    @return {Promise}","  */","  then: then,","","  /**","    `catch` is simply sugar for `then(undefined, onRejection)` which makes it the same","    as the catch block of a try/catch statement.","  ","    ```js","    function findAuthor(){","      throw new Error('couldn't find that author');","    }","  ","    // synchronous","    try {","      findAuthor();","    } catch(reason) {","      // something went wrong","    }","  ","    // async with promises","    findAuthor().catch(function(reason){","      // something went wrong","    });","    ```","  ","    @method catch","    @param {Function} onRejection","    Useful for tooling.","    @return {Promise}","  */","  'catch': function _catch(onRejection) {","    return this.then(null, onRejection);","  }","};","","function polyfill() {","    var local = undefined;","","    if (typeof global !== 'undefined') {","        local = global;","    } else if (typeof self !== 'undefined') {","        local = self;","    } else {","        try {","            local = Function('return this')();","        } catch (e) {","            throw new Error('polyfill failed because global object is unavailable in this environment');","        }","    }","","    var P = local.Promise;","","    if (P) {","        var promiseToString = null;","        try {","            promiseToString = Object.prototype.toString.call(P.resolve());","        } catch (e) {","            // silently ignored","        }","","        if (promiseToString === '[object Promise]' && !P.cast) {","            return;","        }","    }","","    local.Promise = Promise;","}","","// Strange compat..","Promise.polyfill = polyfill;","Promise.Promise = Promise;","","return Promise;","","})));","//# sourceMappingURL=es6-promise.map",""],"l":{"9":1,"10":1,"15":1,"16":0,"19":1,"20":0,"23":1,"24":1,"25":0,"26":0,"29":1,"32":1,"34":1,"35":1,"36":1,"38":1,"39":0,"40":0,"41":0,"42":0,"46":0,"47":0,"49":0,"54":1,"55":0,"58":1,"59":0,"62":1,"63":1,"64":1,"65":1,"68":1,"71":1,"74":1,"75":0,"80":1,"81":0,"82":0,"83":0,"87":0,"90":1,"91":0,"92":0,"93":0,"94":0,"96":0,"97":0,"102":1,"103":0,"104":0,"105":0,"106":0,"110":1,"113":0,"114":0,"115":0,"119":1,"120":1,"121":0,"122":0,"123":0,"125":0,"127":0,"128":0,"131":0,"134":1,"135":0,"136":0,"137":0,"138":0,"139":0,"141":0,"145":1,"147":1,"148":1,"149":0,"150":0,"151":0,"152":0,"153":0,"154":0,"156":0,"159":1,"160":0,"162":0,"164":0,"166":0,"167":0,"170":0,"172":0,"173":0,"174":0,"175":0,"176":0,"180":0,"183":0,"217":1,"219":0,"221":0,"222":0,"225":0,"226":0,"227":0,"230":1,"232":1,"234":1,"235":1,"236":1,"238":1,"240":1,"241":0,"244":1,"245":0,"248":1,"249":0,"250":0,"252":0,"253":0,"257":1,"258":0,"259":0,"261":0,"265":1,"266":0,"267":0,"268":0,"269":0,"270":0,"272":0,"273":0,"274":0,"276":0,"279":0,"280":0,"282":0,"284":0,"287":0,"288":0,"289":0,"294":1,"295":0,"296":0,"297":0,"298":0,"300":0,"301":0,"303":0,"308":1,"309":0,"310":0,"312":0,"313":0,"314":0,"315":0,"316":0,"317":0,"318":0,"320":0,"325":1,"326":0,"327":0,"328":0,"329":0,"331":0,"335":1,"336":0,"337":0,"340":0,"343":1,"344":0,"345":0,"348":0,"349":0,"351":0,"352":0,"356":1,"357":0,"358":0,"360":0,"361":0,"363":0,"366":1,"367":0,"368":0,"370":0,"372":0,"373":0,"374":0,"376":0,"377":0,"381":1,"382":0,"383":0,"385":0,"386":0,"389":0,"393":0,"394":0,"395":0,"397":0,"398":0,"400":0,"404":0,"407":1,"408":2,"411":1,"413":1,"414":0,"415":0,"417":0,"418":0,"422":1,"423":0,"429":0,"430":0,"432":0,"433":0,"434":0,"435":0,"437":0,"440":0,"441":0,"442":0,"445":0,"446":0,"449":0,"451":0,"452":0,"453":0,"454":0,"455":0,"456":0,"457":0,"458":0,"462":1,"463":0,"464":0,"465":0,"467":0,"470":0,"474":1,"475":1,"476":0,"479":1,"480":0,"481":0,"482":0,"483":0,"486":1,"487":0,"488":0,"490":0,"491":0,"494":0,"495":0,"496":0,"497":0,"499":0,"501":0,"502":0,"504":0,"505":0,"506":0,"507":0,"511":0,"515":1,"516":0,"519":1,"520":0,"521":0,"523":0,"524":0,"528":1,"529":0,"530":0,"532":0,"533":0,"535":0,"536":0,"537":0,"538":0,"539":0,"540":0,"541":0,"542":0,"543":0,"545":0,"546":0,"550":0,"554":1,"555":0,"557":0,"558":0,"560":0,"561":0,"563":0,"567":0,"568":0,"572":1,"573":0,"575":0,"576":0,"578":0,"629":1,"630":0,"698":1,"700":0,"702":0,"703":0,"704":0,"707":0,"708":0,"709":0,"710":0,"750":1,"752":0,"753":0,"754":0,"755":0,"758":1,"759":0,"762":1,"763":0,"869":1,"870":0,"871":0,"872":0,"874":0,"875":0,"876":0,"880":1,"881":1,"882":1,"883":1,"884":1,"885":1,"886":1,"888":1,"1114":0,"1118":1,"1119":1,"1121":1,"1122":1,"1123":0,"1124":0,"1126":0,"1127":0,"1129":0,"1133":1,"1135":1,"1136":1,"1137":1,"1138":1,"1143":1,"1144":1,"1148":0,"1152":1,"1153":1,"1155":1}},"/home/travis/build/npmtest/node-npmtest-es6-promise/node_modules/es6-promise/auto.js":{"path":"/home/travis/build/npmtest/node-npmtest-es6-promise/node_modules/es6-promise/auto.js","s":{"1":1},"b":{},"f":{},"fnMap":{},"statementMap":{"1":{"start":{"line":4,"column":0},"end":{"line":4,"column":42}}},"branchMap":{},"code":["// This file can be required in Browserify and Node.js for automatic polyfill","// To use it:  require('es6-promise/auto');","'use strict';","module.exports = require('./').polyfill();",""],"l":{"4":1}}}